This is pdfTeX, Version 3.14159265-2.6-1.40.19 (MiKTeX 2.9.6840 64-bit) (preloaded format=pdflatex 2018.11.8)  7 APR 2019 17:08
entering extended mode
**"C:/Users/dgatl_000/OneDrive - UCB-O365/Senior_1/Thesis/parker_template/Unive
rsity-Thesis/mythesis.tex"

("C:/Users/dgatl_000/OneDrive - UCB-O365/Senior_1/Thesis/parker_template/Univer
sity-Thesis/mythesis.tex"
LaTeX2e <2018-04-01> patch level 5
(apsthesis.cls
Document Class: apsthesis 2018/03/27

--------------------------------------------------------------
 +---+ Thesis Style (apsthesis.cls) version 1.14
 +---+ for University of Colorado APS Honorstheses.
 * Conforms to the University of Colorado at Boulder Graduate
 * School "SPECIFICATIONS for Preparation of Master's Thesis
 * and Doctoral Dissertations" (rev. March 2014).
--------------------------------------------------------------
 URL: http://www.colorado.edu/oit/software-hardware/tex-latex


("C:\Users\dgatl_000\AppData\Local\Programs\MiKTeX 2.9.6\tex\latex\base\report.
cls"
Document Class: report 2014/09/29 v1.4h Standard LaTeX document class

("C:\Users\dgatl_000\AppData\Local\Programs\MiKTeX 2.9.6\tex\latex\base\size11.
clo"
File: size11.clo 2014/09/29 v1.4h Standard LaTeX file (size option)
)
\c@part=\count80
\c@chapter=\count81
\c@section=\count82
\c@subsection=\count83
\c@subsubsection=\count84
\c@paragraph=\count85
\c@subparagraph=\count86
\c@figure=\count87
\c@table=\count88
\abovecaptionskip=\skip41
\belowcaptionskip=\skip42
\bibindent=\dimen102
)
("C:\Users\dgatl_000\AppData\Local\Programs\MiKTeX 2.9.6\tex\latex\tools\indent
first.sty"
Package: indentfirst 1995/11/23 v1.03 Indent first paragraph (DPC)
)
("C:\Users\dgatl_000\AppData\Local\Programs\MiKTeX 2.9.6\tex\latex\base\ifthen.
sty"
Package: ifthen 2014/09/29 v1.1c Standard LaTeX ifthen package (DPC)
)
("C:\Users\dgatl_000\AppData\Local\Programs\MiKTeX 2.9.6\tex\latex\ulem\ulem.st
y"
\UL@box=\box26
\UL@hyphenbox=\box27
\UL@skip=\skip43
\UL@hook=\toks14
\UL@height=\dimen103
\UL@pe=\count89
\UL@pixel=\dimen104
\ULC@box=\box28
Package: ulem 2012/05/18
\ULdepth=\dimen105
)
\c@th@SecNum=\count90
\c@th@SectionSave=\count91
\th@SubSubSecSpc=\skip44
\c@th@storepage=\count92
\plot@width=\skip45
)
("C:\Users\dgatl_000\AppData\Local\Programs\MiKTeX 2.9.6\tex\latex\amsfonts\ams
symb.sty"
Package: amssymb 2013/01/14 v3.01 AMS font symbols

("C:\Users\dgatl_000\AppData\Local\Programs\MiKTeX 2.9.6\tex\latex\amsfonts\ams
fonts.sty"
Package: amsfonts 2013/01/14 v3.01 Basic AMSFonts support
\@emptytoks=\toks15
\symAMSa=\mathgroup4
\symAMSb=\mathgroup5
LaTeX Font Info:    Overwriting math alphabet `\mathfrak' in version `bold'
(Font)                  U/euf/m/n --> U/euf/b/n on input line 106.
))
("C:\Users\dgatl_000\AppData\Local\Programs\MiKTeX 2.9.6\tex\latex\graphics\gra
phicx.sty"
Package: graphicx 2017/06/01 v1.1a Enhanced LaTeX Graphics (DPC,SPQR)

("C:\Users\dgatl_000\AppData\Local\Programs\MiKTeX 2.9.6\tex\latex\graphics\key
val.sty"
Package: keyval 2014/10/28 v1.15 key=value parser (DPC)
\KV@toks@=\toks16
)
("C:\Users\dgatl_000\AppData\Local\Programs\MiKTeX 2.9.6\tex\latex\graphics\gra
phics.sty"
Package: graphics 2017/06/25 v1.2c Standard LaTeX Graphics (DPC,SPQR)

("C:\Users\dgatl_000\AppData\Local\Programs\MiKTeX 2.9.6\tex\latex\graphics\tri
g.sty"
Package: trig 2016/01/03 v1.10 sin cos tan (DPC)
)
("C:\Users\dgatl_000\AppData\Local\Programs\MiKTeX 2.9.6\tex\latex\graphics-cfg
\graphics.cfg"
File: graphics.cfg 2016/06/04 v1.11 sample graphics configuration
)
Package graphics Info: Driver file: pdftex.def on input line 99.

("C:\Users\dgatl_000\AppData\Local\Programs\MiKTeX 2.9.6\tex\latex\graphics-def
\pdftex.def"
File: pdftex.def 2018/01/08 v1.0l Graphics/color driver for pdftex
))
\Gin@req@height=\dimen106
\Gin@req@width=\dimen107
)
("C:\Users\dgatl_000\AppData\Local\Programs\MiKTeX 2.9.6\tex\latex\hyperref\hyp
erref.sty"
Package: hyperref 2018/09/30 v6.88a Hypertext links for LaTeX

("C:\Users\dgatl_000\AppData\Local\Programs\MiKTeX 2.9.6\tex\generic\oberdiek\h
obsub-hyperref.sty"
Package: hobsub-hyperref 2016/05/16 v1.14 Bundle oberdiek, subset hyperref (HO)


("C:\Users\dgatl_000\AppData\Local\Programs\MiKTeX 2.9.6\tex\generic\oberdiek\h
obsub-generic.sty"
Package: hobsub-generic 2016/05/16 v1.14 Bundle oberdiek, subset generic (HO)
Package: hobsub 2016/05/16 v1.14 Construct package bundles (HO)
Package: infwarerr 2016/05/16 v1.4 Providing info/warning/error messages (HO)
Package: ltxcmds 2016/05/16 v1.23 LaTeX kernel commands for general use (HO)
Package: ifluatex 2016/05/16 v1.4 Provides the ifluatex switch (HO)
Package ifluatex Info: LuaTeX not detected.
Package: ifvtex 2016/05/16 v1.6 Detect VTeX and its facilities (HO)
Package ifvtex Info: VTeX not detected.
Package: intcalc 2016/05/16 v1.2 Expandable calculations with integers (HO)
Package: ifpdf 2018/09/07 v3.3 Provides the ifpdf switch
Package: etexcmds 2016/05/16 v1.6 Avoid name clashes with e-TeX commands (HO)
Package etexcmds Info: Could not find \expanded.
(etexcmds)             That can mean that you are not using pdfTeX 1.50 or
(etexcmds)             that some package has redefined \expanded.
(etexcmds)             In the latter case, load this package earlier.
Package: kvsetkeys 2016/05/16 v1.17 Key value parser (HO)
Package: kvdefinekeys 2016/05/16 v1.4 Define keys (HO)
Package: pdftexcmds 2018/09/10 v0.29 Utility functions of pdfTeX for LuaTeX (HO
)
Package pdftexcmds Info: LuaTeX not detected.
Package pdftexcmds Info: \pdf@primitive is available.
Package pdftexcmds Info: \pdf@ifprimitive is available.
Package pdftexcmds Info: \pdfdraftmode found.
Package: pdfescape 2016/05/16 v1.14 Implements pdfTeX's escape features (HO)
Package: bigintcalc 2016/05/16 v1.4 Expandable calculations on big integers (HO
)
Package: bitset 2016/05/16 v1.2 Handle bit-vector datatype (HO)
Package: uniquecounter 2016/05/16 v1.3 Provide unlimited unique counter (HO)
)
Package hobsub Info: Skipping package `hobsub' (already loaded).
Package: letltxmacro 2016/05/16 v1.5 Let assignment for LaTeX macros (HO)
Package: hopatch 2016/05/16 v1.3 Wrapper for package hooks (HO)
Package: xcolor-patch 2016/05/16 xcolor patch
Package: atveryend 2016/05/16 v1.9 Hooks at the very end of document (HO)
Package atveryend Info: \enddocument detected (standard20110627).
Package: atbegshi 2016/06/09 v1.18 At begin shipout hook (HO)
Package: refcount 2016/05/16 v3.5 Data extraction from label references (HO)
Package: hycolor 2016/05/16 v1.8 Color options for hyperref/bookmark (HO)
)
("C:\Users\dgatl_000\AppData\Local\Programs\MiKTeX 2.9.6\tex\generic\ifxetex\if
xetex.sty"
Package: ifxetex 2010/09/12 v0.6 Provides ifxetex conditional
)
("C:\Users\dgatl_000\AppData\Local\Programs\MiKTeX 2.9.6\tex\latex\oberdiek\aux
hook.sty"
Package: auxhook 2016/05/16 v1.4 Hooks for auxiliary files (HO)


Package auxhook Warning: Cannot patch \document,
(auxhook)                using \AtBeginDocument instead.

)
("C:\Users\dgatl_000\AppData\Local\Programs\MiKTeX 2.9.6\tex\latex\oberdiek\kvo
ptions.sty"
Package: kvoptions 2016/05/16 v3.12 Key value format for package options (HO)
)
\@linkdim=\dimen108
\Hy@linkcounter=\count93
\Hy@pagecounter=\count94

("C:\Users\dgatl_000\AppData\Local\Programs\MiKTeX 2.9.6\tex\latex\hyperref\pd1
enc.def"
File: pd1enc.def 2018/09/30 v6.88a Hyperref: PDFDocEncoding definition (HO)
Now handling font encoding PD1 ...
... no UTF-8 mapping file for font encoding PD1
)
\Hy@SavedSpaceFactor=\count95

("C:\Users\dgatl_000\AppData\Local\Programs\MiKTeX 2.9.6\tex\latex\00miktex\hyp
erref.cfg"
File: hyperref.cfg 2002/06/06 v1.2 hyperref configuration of TeXLive
)
Package hyperref Info: Hyper figures OFF on input line 4535.
Package hyperref Info: Link nesting OFF on input line 4540.
Package hyperref Info: Hyper index ON on input line 4543.
Package hyperref Info: Plain pages OFF on input line 4550.
Package hyperref Info: Backreferencing OFF on input line 4555.
Package hyperref Info: Implicit mode ON; LaTeX internals redefined.
Package hyperref Info: Bookmarks ON on input line 4788.
\c@Hy@tempcnt=\count96

("C:\Users\dgatl_000\AppData\Local\Programs\MiKTeX 2.9.6\tex\latex\url\url.sty"
\Urlmuskip=\muskip10
Package: url 2013/09/16  ver 3.4  Verb mode for urls, etc.
)
LaTeX Info: Redefining \url on input line 5141.
\XeTeXLinkMargin=\dimen109
\Fld@menulength=\count97
\Field@Width=\dimen110
\Fld@charsize=\dimen111
Package hyperref Info: Hyper figures OFF on input line 6396.
Package hyperref Info: Link nesting OFF on input line 6401.
Package hyperref Info: Hyper index ON on input line 6404.
Package hyperref Info: backreferencing OFF on input line 6411.
Package hyperref Info: Link coloring OFF on input line 6416.
Package hyperref Info: Link coloring with OCG OFF on input line 6421.
Package hyperref Info: PDF/A mode OFF on input line 6426.
LaTeX Info: Redefining \ref on input line 6466.
LaTeX Info: Redefining \pageref on input line 6470.
\Hy@abspage=\count98
\c@Item=\count99
\c@Hfootnote=\count100
)
Package hyperref Info: Driver (autodetected): hpdftex.

("C:\Users\dgatl_000\AppData\Local\Programs\MiKTeX 2.9.6\tex\latex\hyperref\hpd
ftex.def"
File: hpdftex.def 2018/09/30 v6.88a Hyperref driver for pdfTeX
\Fld@listcount=\count101
\c@bookmark@seq@number=\count102

("C:\Users\dgatl_000\AppData\Local\Programs\MiKTeX 2.9.6\tex\latex\oberdiek\rer
unfilecheck.sty"
Package: rerunfilecheck 2016/05/16 v1.8 Rerun checks for auxiliary files (HO)
Package uniquecounter Info: New unique counter `rerunfilecheck' on input line 2
82.
)
\Hy@SectionHShift=\skip46
)
("C:\Users\dgatl_000\AppData\Local\Programs\MiKTeX 2.9.6\tex\latex\natbib\natbi
b.sty"
Package: natbib 2010/09/13 8.31b (PWD, AO)
\bibhang=\skip47
\bibsep=\skip48
LaTeX Info: Redefining \cite on input line 694.
\c@NAT@ctr=\count103
)
("C:\Users\dgatl_000\AppData\Local\Programs\MiKTeX 2.9.6\tex\latex\datetime\dat
etime.sty"
Package: datetime 2015/03/20 v2.60 Date Time Package

("C:\Users\dgatl_000\AppData\Local\Programs\MiKTeX 2.9.6\tex\latex\etoolbox\eto
olbox.sty"
Package: etoolbox 2018/08/19 v2.5f e-TeX tools for LaTeX (JAW)
\etb@tempcnta=\count104
)
("C:\Users\dgatl_000\AppData\Local\Programs\MiKTeX 2.9.6\tex\latex\fmtcount\fmt
count.sty"
Package: fmtcount 2017/12/24 v3.05

("C:\Users\dgatl_000\AppData\Local\Programs\MiKTeX 2.9.6\tex\latex\xkeyval\xkey
val.sty"
Package: xkeyval 2014/12/03 v2.7a package option processing (HA)

("C:\Users\dgatl_000\AppData\Local\Programs\MiKTeX 2.9.6\tex\generic\xkeyval\xk
eyval.tex"
("C:\Users\dgatl_000\AppData\Local\Programs\MiKTeX 2.9.6\tex\generic\xkeyval\xk
vutils.tex"
\XKV@toks=\toks17
\XKV@tempa@toks=\toks18
)
\XKV@depth=\count105
File: xkeyval.tex 2014/12/03 v2.7a key=value parser (HA)
))
("C:\Users\dgatl_000\AppData\Local\Programs\MiKTeX 2.9.6\tex\latex\fmtcount\fcp
refix.sty"
Package: fcprefix 2012/09/28

("C:\Users\dgatl_000\AppData\Local\Programs\MiKTeX 2.9.6\tex\latex\fmtcount\fcn
umparser.sty"
Package: fcnumparser 2017/06/15
\fc@digit@counter=\count106
))
("C:\Users\dgatl_000\AppData\Local\Programs\MiKTeX 2.9.6\tex\latex\amsmath\amsg
en.sty"
File: amsgen.sty 1999/11/30 v2.0 generic functions
\@emptytoks=\toks19
\ex@=\dimen112
)
\c@padzeroesN=\count107
\fc@tmpcatcode=\count108
\@DT@modctr=\count109
\@ordinalctr=\count110
\@orgargctr=\count111
\@strctr=\count112
\@tmpstrctr=\count113
\@DT@loopN=\count114
\@DT@X=\count115
)
("C:\Users\dgatl_000\AppData\Local\Programs\MiKTeX 2.9.6\tex\latex\datetime\dat
etime-defaults.sty"
Package: datetime-defaults 2013/09/10
)
\@day=\count116
\@month=\count117
\@year=\count118
\c@HOUR=\count119
\c@HOURXII=\count120
\c@MINUTE=\count121
\c@TOHOUR=\count122
\c@TOMINUTE=\count123
\c@SECOND=\count124
\currenthour=\count125
\currentminute=\count126
\currentsecond=\count127
Package datetime Info: No datetime.cfg file found, using default settings on in
put line 308.
\@dtctr=\count128
\dayofyear=\count129
\dayofweek=\count130
LaTeX Info: Redefining \today on input line 736.
\dt@a=\toks20
\dt@b=\toks21
)
("C:\Users\dgatl_000\AppData\Local\Programs\MiKTeX 2.9.6\tex\latex\siunitx\siun
itx.sty"
("C:\Users\dgatl_000\AppData\Local\Programs\MiKTeX 2.9.6\tex\latex\l3kernel\exp
l3.sty"
Package: expl3 2018-10-31 L3 programming layer (loader) 

("C:\Users\dgatl_000\AppData\Local\Programs\MiKTeX 2.9.6\tex\latex\l3kernel\exp
l3-code.tex"
Package: expl3 2018-10-31 L3 programming layer (code)
\c_max_int=\count131
\l_tmpa_int=\count132
\l_tmpb_int=\count133
\g_tmpa_int=\count134
\g_tmpb_int=\count135
\g__kernel_prg_map_int=\count136
\c_log_iow=\count137
\l_iow_line_count_int=\count138
\l__iow_line_target_int=\count139
\l__iow_one_indent_int=\count140
\l__iow_indent_int=\count141
\c_zero_dim=\dimen113
\c_max_dim=\dimen114
\l_tmpa_dim=\dimen115
\l_tmpb_dim=\dimen116
\g_tmpa_dim=\dimen117
\g_tmpb_dim=\dimen118
\c_zero_skip=\skip49
\c_max_skip=\skip50
\l_tmpa_skip=\skip51
\l_tmpb_skip=\skip52
\g_tmpa_skip=\skip53
\g_tmpb_skip=\skip54
\c_zero_muskip=\muskip11
\c_max_muskip=\muskip12
\l_tmpa_muskip=\muskip13
\l_tmpb_muskip=\muskip14
\g_tmpa_muskip=\muskip15
\g_tmpb_muskip=\muskip16
\l_keys_choice_int=\count142
\l__intarray_loop_int=\count143
\c__intarray_sp_dim=\dimen119
\g__intarray_font_int=\count144
\c__fp_leading_shift_int=\count145
\c__fp_middle_shift_int=\count146
\c__fp_trailing_shift_int=\count147
\c__fp_big_leading_shift_int=\count148
\c__fp_big_middle_shift_int=\count149
\c__fp_big_trailing_shift_int=\count150
\c__fp_Bigg_leading_shift_int=\count151
\c__fp_Bigg_middle_shift_int=\count152
\c__fp_Bigg_trailing_shift_int=\count153
\c__kernel_randint_max_int=\count154
\g__fp_array_int=\count155
\l__fp_array_loop_int=\count156
\l__sort_length_int=\count157
\l__sort_min_int=\count158
\l__sort_top_int=\count159
\l__sort_max_int=\count160
\l__sort_true_max_int=\count161
\l__sort_block_int=\count162
\l__sort_begin_int=\count163
\l__sort_end_int=\count164
\l__sort_A_int=\count165
\l__sort_B_int=\count166
\l__sort_C_int=\count167
\l__tl_analysis_normal_int=\count168
\l__tl_analysis_index_int=\count169
\l__tl_analysis_nesting_int=\count170
\l__tl_analysis_type_int=\count171
\l__regex_internal_a_int=\count172
\l__regex_internal_b_int=\count173
\l__regex_internal_c_int=\count174
\l__regex_balance_int=\count175
\l__regex_group_level_int=\count176
\l__regex_mode_int=\count177
\c__regex_cs_in_class_mode_int=\count178
\c__regex_cs_mode_int=\count179
\l__regex_catcodes_int=\count180
\l__regex_default_catcodes_int=\count181
\c__regex_catcode_D_int=\count182
\c__regex_catcode_S_int=\count183
\c__regex_catcode_L_int=\count184
\c__regex_catcode_O_int=\count185
\c__regex_catcode_A_int=\count186
\c__regex_all_catcodes_int=\count187
\l__regex_show_lines_int=\count188
\l__regex_min_state_int=\count189
\l__regex_max_state_int=\count190
\l__regex_left_state_int=\count191
\l__regex_right_state_int=\count192
\l__regex_capturing_group_int=\count193
\l__regex_min_pos_int=\count194
\l__regex_max_pos_int=\count195
\l__regex_curr_pos_int=\count196
\l__regex_start_pos_int=\count197
\l__regex_success_pos_int=\count198
\l__regex_curr_char_int=\count199
\l__regex_curr_catcode_int=\count266
\l__regex_last_char_int=\count267
\l__regex_case_changed_char_int=\count268
\l__regex_curr_state_int=\count269
\l__regex_step_int=\count270
\l__regex_min_active_int=\count271
\l__regex_max_active_int=\count272
\l__regex_replacement_csnames_int=\count273
\l__regex_match_count_int=\count274
\l__regex_min_submatch_int=\count275
\l__regex_submatch_int=\count276
\l__regex_zeroth_submatch_int=\count277
\g__regex_trace_regex_int=\count278
\c_empty_box=\box29
\l_tmpa_box=\box30
\l_tmpb_box=\box31
\g_tmpa_box=\box32
\g_tmpb_box=\box33
\l__box_top_dim=\dimen120
\l__box_bottom_dim=\dimen121
\l__box_left_dim=\dimen122
\l__box_right_dim=\dimen123
\l__box_top_new_dim=\dimen124
\l__box_bottom_new_dim=\dimen125
\l__box_left_new_dim=\dimen126
\l__box_right_new_dim=\dimen127
\l__box_internal_box=\box34
\l__coffin_internal_box=\box35
\l__coffin_internal_dim=\dimen128
\l__coffin_offset_x_dim=\dimen129
\l__coffin_offset_y_dim=\dimen130
\l__coffin_x_dim=\dimen131
\l__coffin_y_dim=\dimen132
\l__coffin_x_prime_dim=\dimen133
\l__coffin_y_prime_dim=\dimen134
\c_empty_coffin=\box36
\l__coffin_aligned_coffin=\box37
\l__coffin_aligned_internal_coffin=\box38
\l_tmpa_coffin=\box39
\l_tmpb_coffin=\box40
\l__coffin_display_coffin=\box41
\l__coffin_display_coord_coffin=\box42
\l__coffin_display_pole_coffin=\box43
\l__coffin_display_offset_dim=\dimen135
\l__coffin_display_x_dim=\dimen136
\l__coffin_display_y_dim=\dimen137
\g__file_internal_ior=\read1
\l__coffin_bounding_shift_dim=\dimen138
\l__coffin_left_corner_dim=\dimen139
\l__coffin_right_corner_dim=\dimen140
\l__coffin_bottom_corner_dim=\dimen141
\l__coffin_top_corner_dim=\dimen142
\l__coffin_scaled_total_height_dim=\dimen143
\l__coffin_scaled_width_dim=\dimen144
\l__seq_internal_a_int=\count279
\l__seq_internal_b_int=\count280
)
("C:\Users\dgatl_000\AppData\Local\Programs\MiKTeX 2.9.6\tex\latex\l3kernel\l3p
dfmode.def"
File: l3pdfmode.def 2018-10-31 v L3 Experimental driver: PDF mode
\l__driver_color_stack_int=\count281
))
("C:\Users\dgatl_000\AppData\Local\Programs\MiKTeX 2.9.6\tex\latex\l3packages\x
parse\xparse.sty"
Package: xparse 2018-10-17 L3 Experimental document command parser
\l__xparse_current_arg_int=\count282
\g__xparse_grabber_int=\count283
\l__xparse_m_args_int=\count284
\l__xparse_mandatory_args_int=\count285
\l__xparse_v_nesting_int=\count286
)
Package: siunitx 2018/05/17 v2.7s A comprehensive (SI) units package

("C:\Users\dgatl_000\AppData\Local\Programs\MiKTeX 2.9.6\tex\latex\amsmath\amst
ext.sty"
Package: amstext 2000/06/29 v2.01 AMS text
)
("C:\Users\dgatl_000\AppData\Local\Programs\MiKTeX 2.9.6\tex\latex\tools\array.
sty"
Package: array 2018/04/30 v2.4h Tabular extension package (FMi)
\col@sep=\dimen145
\ar@mcellbox=\box44
\extrarowheight=\dimen146
\NC@list=\toks22
\extratabsurround=\skip55
\backup@length=\skip56
\ar@cellbox=\box45
)
("C:\Users\dgatl_000\AppData\Local\Programs\MiKTeX 2.9.6\tex\latex\l3packages\l
3keys2e\l3keys2e.sty"
Package: l3keys2e 2018-10-17 LaTeX2e option processing using LaTeX3 keys
)
\l__siunitx_tmp_box=\box46
\l__siunitx_tmp_dim=\dimen147
\l__siunitx_tmp_int=\count287
\l__siunitx_number_mantissa_length_int=\count288
\l__siunitx_number_uncert_length_int=\count289
\l__siunitx_round_int=\count290
\l__siunitx_process_decimal_int=\count291
\l__siunitx_process_uncertainty_int=\count292
\l__siunitx_process_fixed_int=\count293
\l__siunitx_process_integer_min_int=\count294
\l__siunitx_process_precision_int=\count295
\l__siunitx_group_min_int=\count296
\l__siunitx_angle_marker_box=\box47
\l__siunitx_angle_unit_box=\box48
\l__siunitx_angle_marker_dim=\dimen148
\l__siunitx_angle_unit_dim=\dimen149
\l__siunitx_unit_int=\count297
\l__siunitx_unit_denominator_int=\count298
\l__siunitx_unit_numerator_int=\count299
\l__siunitx_unit_prefix_int=\count300
\l__siunitx_unit_prefix_base_int=\count301
\l__siunitx_unit_prefix_gram_int=\count302
\l__siunitx_number_product_int=\count303
\c__siunitx_one_fill_skip=\skip57
\l__siunitx_table_unit_align_skip=\skip58
\l__siunitx_table_exponent_dim=\dimen150
\l__siunitx_table_integer_dim=\dimen151
\l__siunitx_table_mantissa_dim=\dimen152
\l__siunitx_table_marker_dim=\dimen153
\l__siunitx_table_result_dim=\dimen154
\l__siunitx_table_uncert_dim=\dimen155
\l__siunitx_table_fill_pre_dim=\dimen156
\l__siunitx_table_fill_post_dim=\dimen157
\l__siunitx_table_fill_mid_dim=\dimen158
\l__siunitx_table_pre_box=\box49
\l__siunitx_table_post_box=\box50
\l__siunitx_table_mantissa_box=\box51
\l__siunitx_table_result_box=\box52
\l__siunitx_table_number_align_skip=\skip59
\l__siunitx_table_text_align_skip=\skip60

("C:\Users\dgatl_000\AppData\Local\Programs\MiKTeX 2.9.6\tex\latex\translator\t
ranslator.sty"
Package: translator 2018/01/04 v1.12 Easy translation of strings in LaTeX
)) (macros.tex)
Putting page number on short ToC
Putting page number on short LoF
Putting page number on short LoT
(mythesis.aux)
\openout1 = `mythesis.aux'.

LaTeX Font Info:    Checking defaults for OML/cmm/m/it on input line 91.
LaTeX Font Info:    ... okay on input line 91.
LaTeX Font Info:    Checking defaults for T1/cmr/m/n on input line 91.
LaTeX Font Info:    ... okay on input line 91.
LaTeX Font Info:    Checking defaults for OT1/cmr/m/n on input line 91.
LaTeX Font Info:    ... okay on input line 91.
LaTeX Font Info:    Checking defaults for OMS/cmsy/m/n on input line 91.
LaTeX Font Info:    ... okay on input line 91.
LaTeX Font Info:    Checking defaults for OMX/cmex/m/n on input line 91.
LaTeX Font Info:    ... okay on input line 91.
LaTeX Font Info:    Checking defaults for U/cmr/m/n on input line 91.
LaTeX Font Info:    ... okay on input line 91.
LaTeX Font Info:    Checking defaults for PD1/pdf/m/n on input line 91.
LaTeX Font Info:    ... okay on input line 91.

("C:\Users\dgatl_000\AppData\Local\Programs\MiKTeX 2.9.6\tex\context\base\supp-
pdf.mkii"
[Loading MPS to PDF converter (version 2006.09.02).]
\scratchcounter=\count304
\scratchdimen=\dimen159
\scratchbox=\box53
\nofMPsegments=\count305
\nofMParguments=\count306
\everyMPshowfont=\toks23
\MPscratchCnt=\count307
\MPscratchDim=\dimen160
\MPnumerator=\count308
\makeMPintoPDFobject=\count309
\everyMPtoPDFconversion=\toks24
)
("C:\Users\dgatl_000\AppData\Local\Programs\MiKTeX 2.9.6\tex\latex\oberdiek\eps
topdf-base.sty"
Package: epstopdf-base 2016/05/15 v2.6 Base part for package epstopdf

("C:\Users\dgatl_000\AppData\Local\Programs\MiKTeX 2.9.6\tex\latex\oberdiek\grf
ext.sty"
Package: grfext 2016/05/16 v1.2 Manage graphics extensions (HO)
)
Package epstopdf-base Info: Redefining graphics rule for `.eps' on input line 4
38.
Package grfext Info: Graphics extension search list:
(grfext)             [.pdf,.png,.jpg,.mps,.jpeg,.jbig2,.jb2,.PDF,.PNG,.JPG,.JPE
G,.JBIG2,.JB2,.eps]
(grfext)             \AppendGraphicsExtensions on input line 456.
)
\AtBeginShipoutBox=\box54
Package hyperref Info: Link coloring OFF on input line 91.

("C:\Users\dgatl_000\AppData\Local\Programs\MiKTeX 2.9.6\tex\latex\hyperref\nam
eref.sty"
Package: nameref 2016/05/21 v2.44 Cross-referencing by name of section

("C:\Users\dgatl_000\AppData\Local\Programs\MiKTeX 2.9.6\tex\generic\oberdiek\g
ettitlestring.sty"
Package: gettitlestring 2016/05/16 v1.5 Cleanup title references (HO)
)
\c@section@level=\count310
)
LaTeX Info: Redefining \ref on input line 91.
LaTeX Info: Redefining \pageref on input line 91.
LaTeX Info: Redefining \nameref on input line 91.
 (mythesis.out) (mythesis.out)
\@outlinefile=\write3
\openout3 = `mythesis.out'.


("C:\Users\dgatl_000\AppData\Local\Programs\MiKTeX 2.9.6\tex\latex\fmtcount\fc-
english.def"
File: fc-english.def 2016/01/12
)
Now handling font encoding TS1 ...
... processing UTF-8 mapping file for font encoding TS1

("C:\Users\dgatl_000\AppData\Local\Programs\MiKTeX 2.9.6\tex\latex\base\ts1enc.
dfu"
File: ts1enc.dfu 2018/04/05 v1.2c UTF-8 support for inputenc
   defining Unicode char U+00A2 (decimal 162)
   defining Unicode char U+00A3 (decimal 163)
   defining Unicode char U+00A4 (decimal 164)
   defining Unicode char U+00A5 (decimal 165)
   defining Unicode char U+00A6 (decimal 166)
   defining Unicode char U+00A7 (decimal 167)
   defining Unicode char U+00A8 (decimal 168)
   defining Unicode char U+00A9 (decimal 169)
   defining Unicode char U+00AA (decimal 170)
   defining Unicode char U+00AC (decimal 172)
   defining Unicode char U+00AE (decimal 174)
   defining Unicode char U+00AF (decimal 175)
   defining Unicode char U+00B0 (decimal 176)
   defining Unicode char U+00B1 (decimal 177)
   defining Unicode char U+00B2 (decimal 178)
   defining Unicode char U+00B3 (decimal 179)
   defining Unicode char U+00B4 (decimal 180)
   defining Unicode char U+00B5 (decimal 181)
   defining Unicode char U+00B6 (decimal 182)
   defining Unicode char U+00B7 (decimal 183)
   defining Unicode char U+00B9 (decimal 185)
   defining Unicode char U+00BA (decimal 186)
   defining Unicode char U+00BC (decimal 188)
   defining Unicode char U+00BD (decimal 189)
   defining Unicode char U+00BE (decimal 190)
   defining Unicode char U+00D7 (decimal 215)
   defining Unicode char U+00F7 (decimal 247)
   defining Unicode char U+0192 (decimal 402)
   defining Unicode char U+02C7 (decimal 711)
   defining Unicode char U+02D8 (decimal 728)
   defining Unicode char U+02DD (decimal 733)
   defining Unicode char U+0E3F (decimal 3647)
   defining Unicode char U+2016 (decimal 8214)
   defining Unicode char U+2020 (decimal 8224)
   defining Unicode char U+2021 (decimal 8225)
   defining Unicode char U+2022 (decimal 8226)
   defining Unicode char U+2030 (decimal 8240)
   defining Unicode char U+2031 (decimal 8241)
   defining Unicode char U+203B (decimal 8251)
   defining Unicode char U+203D (decimal 8253)
   defining Unicode char U+2044 (decimal 8260)
   defining Unicode char U+204E (decimal 8270)
   defining Unicode char U+2052 (decimal 8274)
   defining Unicode char U+20A1 (decimal 8353)
   defining Unicode char U+20A4 (decimal 8356)
   defining Unicode char U+20A6 (decimal 8358)
   defining Unicode char U+20A9 (decimal 8361)
   defining Unicode char U+20AB (decimal 8363)
   defining Unicode char U+20AC (decimal 8364)
   defining Unicode char U+20B1 (decimal 8369)
   defining Unicode char U+2103 (decimal 8451)
   defining Unicode char U+2116 (decimal 8470)
   defining Unicode char U+2117 (decimal 8471)
   defining Unicode char U+211E (decimal 8478)
   defining Unicode char U+2120 (decimal 8480)
   defining Unicode char U+2122 (decimal 8482)
   defining Unicode char U+2126 (decimal 8486)
   defining Unicode char U+2127 (decimal 8487)
   defining Unicode char U+212E (decimal 8494)
   defining Unicode char U+2190 (decimal 8592)
   defining Unicode char U+2191 (decimal 8593)
   defining Unicode char U+2192 (decimal 8594)
   defining Unicode char U+2193 (decimal 8595)
   defining Unicode char U+2329 (decimal 9001)
   defining Unicode char U+232A (decimal 9002)
   defining Unicode char U+2422 (decimal 9250)
   defining Unicode char U+25E6 (decimal 9702)
   defining Unicode char U+25EF (decimal 9711)
   defining Unicode char U+266A (decimal 9834)
   defining Unicode char U+FEFF (decimal 65279)
)
("C:\Users\dgatl_000\AppData\Local\Programs\MiKTeX 2.9.6\tex\latex\translator\t
ranslator-basic-dictionary-English.dict"
Dictionary: translator-basic-dictionary, Language: English 
)
("C:\Users\dgatl_000\AppData\Local\Programs\MiKTeX 2.9.6\tex\latex\siunitx\siun
itx-abbreviations.cfg"
File: siunitx-abbreviations.cfg 2017/11/26 v2.7k siunitx: Abbreviated units
)
Making Title Page
LaTeX Font Info:    Try loading font information for U+msa on input line 91.

("C:\Users\dgatl_000\AppData\Local\Programs\MiKTeX 2.9.6\tex\latex\amsfonts\ums
a.fd"
File: umsa.fd 2013/01/14 v3.01 AMS symbols A
)
LaTeX Font Info:    Try loading font information for U+msb on input line 91.

("C:\Users\dgatl_000\AppData\Local\Programs\MiKTeX 2.9.6\tex\latex\amsfonts\ums
b.fd"
File: umsb.fd 2013/01/14 v3.01 AMS symbols B
)
Overfull \hbox (46.31181pt too wide) in paragraph at lines 91--91
 [][] 
 []

Making Approval Page
[1


{C:/Users/dgatl_000/AppData/Local/MiKTeX/2.9/pdftex/config/pdftex.map}]
Making Abstract Page
[2

]
Making Dedication Page
[3

]
centered
Making Acknowledgement Page
[4


]
centered
Making ToC Page
Making Short ToC...
[5


]
centered
Short Chapter (page numbered)
(mythesis.toc)
\tf@toc=\write4
\openout4 = `mythesis.toc'.


Making LoT Page
Making Short LoT...
[6

]
centered
Short Chapter (page numbered)
(mythesis.lot)
\tf@lot=\write5
\openout5 = `mythesis.lot'.


Making LoF Page
Making Short LoF...
[7

]
centered
Short Chapter (page numbered)
(mythesis.lof)
\tf@lof=\write6
\openout6 = `mythesis.lof'.




-------------------Beginning Body----------------------


[8

] (chapter1.tex
 \th@ChapterStyle\th@DoChapCenterChapter \th@ChapterStyle 1.
centered
<figs/cyl.pdf, id=124, 467.7475pt x 223.83624pt>
File: figs/cyl.pdf Graphic file (type pdf)
<use figs/cyl.pdf>
Package pdftex.def Info: figs/cyl.pdf  used on input line 48.
(pdftex.def)             Requested size: 284.52756pt x 136.1642pt.
<figs/drawing.png, id=125, 361.35pt x 308.15125pt>
File: figs/drawing.png Graphic file (type png)
<use figs/drawing.png>
Package pdftex.def Info: figs/drawing.png  used on input line 68.
(pdftex.def)             Requested size: 199.16928pt x 169.84575pt.
<figs/drawing.jpg, id=126, 361.35pt x 308.15125pt>
File: figs/drawing.jpg Graphic file (type jpg)
<use figs/drawing.jpg>
Package pdftex.def Info: figs/drawing.jpg  used on input line 72.
(pdftex.def)             Requested size: 199.16928pt x 169.84575pt.
LaTeX Font Info:    Try loading font information for OMS+cmr on input line 94.

("C:\Users\dgatl_000\AppData\Local\Programs\MiKTeX 2.9.6\tex\latex\base\omscmr.
fd"
File: omscmr.fd 2014/09/29 v2.5h Standard LaTeX font definitions
)
LaTeX Font Info:    Font shape `OMS/cmr/m/n' in size <10.95> not available
(Font)              Font shape `OMS/cmsy/m/n' tried instead on input line 94.
 [1


] [2 <./figs/cyl.pdf> <./figs/drawing.png (PNG copy)> <./figs/drawing.jpg>]) (c
hapter2.tex [3] [4]
 \th@ChapterStyle\th@DoChapCenterChapter \th@ChapterStyle 2.
centered
<figs/pyr.pdf, id=186, 431.6125pt x 525.965pt>
File: figs/pyr.pdf Graphic file (type pdf)
<use figs/pyr.pdf>
Package pdftex.def Info: figs/pyr.pdf  used on input line 64.
(pdftex.def)             Requested size: 256.0748pt x 312.06622pt.
[5

] [6 <./figs/pyr.pdf>]
Overfull \hbox (19.65895pt too wide) in paragraph at lines 82--85
[]\OT1/cmr/m/n/10.95 And now, here is an ex-am-ple of us-ing the macros [][]\OT
1/cmtt/m/n/10.95 \begin{singlespace} []\OT1/cmr/m/n/10.95 and [][]\OT1/cmtt/m/n
/10.95 \end{singlespace}[]\OT1/cmr/m/n/10.95 ;
 []

<figs/tableD.pdf, id=204, 614.295pt x 794.97pt>
File: figs/tableD.pdf Graphic file (type pdf)
<use figs/tableD.pdf>
Package pdftex.def Info: figs/tableD.pdf  used on input line 114.
(pdftex.def)             Requested size: 393.87128pt x 509.72522pt.
[7] [8 <./figs/tableD.pdf>] [9] [10]) (chapter3.tex [11]
 \th@ChapterStyle\th@DoChapCenterChapter \th@ChapterStyle 3.
centered
) (mythesis.bbl [12

]
centered
) (appendixA.tex [13

]
 \th@ChapterStyle\th@DoChapCenterAppendix \th@ChapterStyle A.
centered
[14

]) (appendixB.tex [15]
 \th@ChapterStyle\th@DoChapCenterAppendix \th@ChapterStyle B.
centered
)
Package atveryend Info: Empty hook `BeforeClearDocument' on input line 108.
 [16

]
Package atveryend Info: Empty hook `AfterLastShipout' on input line 108.
 (mythesis.aux)
Package atveryend Info: Executing hook `AtVeryEndDocument' on input line 108.
Package atveryend Info: Executing hook `AtEndAfterFileList' on input line 108.
Package rerunfilecheck Info: File `mythesis.out' has not changed.
(rerunfilecheck)             Checksum: FCB28B8092C64808A61C89994F19808A;845.
Package atveryend Info: Empty hook `AtVeryVeryEnd' on input line 108.
 ) 
Here is how much of TeX's memory you used:
 19125 strings out of 492970
 359091 string characters out of 3123936
 426374 words of memory out of 3000000
 22720 multiletter control sequences out of 15000+200000
 545851 words of font info for 76 fonts, out of 3000000 for 9000
 1141 hyphenation exceptions out of 8191
 40i,13n,63p,1132b,848s stack positions out of 5000i,500n,10000p,200000b,50000s
<C:/Users/dgatl_000/AppData/Local/Programs/MiKTeX 2.9.6/fonts/type1/public/am
sfonts/cm/cmbx10.pfb><C:/Users/dgatl_000/AppData/Local/Programs/MiKTeX 2.9.6/fo
nts/type1/public/amsfonts/cm/cmbx12.pfb><C:/Users/dgatl_000/AppData/Local/Progr
ams/MiKTeX 2.9.6/fonts/type1/public/amsfonts/cm/cmex10.pfb><C:/Users/dgatl_000/
AppData/Local/Programs/MiKTeX 2.9.6/fonts/type1/public/amsfonts/cm/cmmi10.pfb><
C:/Users/dgatl_000/AppData/Local/Programs/MiKTeX 2.9.6/fonts/type1/public/amsfo
nts/cm/cmmi8.pfb><C:/Users/dgatl_000/AppData/Local/Programs/MiKTeX 2.9.6/fonts/
type1/public/amsfonts/cm/cmr10.pfb><C:/Users/dgatl_000/AppData/Local/Programs/M
iKTeX 2.9.6/fonts/type1/public/amsfonts/cm/cmr6.pfb><C:/Users/dgatl_000/AppData
/Local/Programs/MiKTeX 2.9.6/fonts/type1/public/amsfonts/cm/cmr8.pfb><C:/Users/
dgatl_000/AppData/Local/Programs/MiKTeX 2.9.6/fonts/type1/public/amsfonts/cm/cm
r9.pfb><C:/Users/dgatl_000/AppData/Local/Programs/MiKTeX 2.9.6/fonts/type1/publ
ic/amsfonts/cm/cmsy10.pfb><C:/Users/dgatl_000/AppData/Local/Programs/MiKTeX 2.9
.6/fonts/type1/public/amsfonts/cm/cmsy8.pfb><C:/Users/dgatl_000/AppData/Local/P
rograms/MiKTeX 2.9.6/fonts/type1/public/amsfonts/cm/cmti10.pfb><C:/Users/dgatl_
000/AppData/Local/Programs/MiKTeX 2.9.6/fonts/type1/public/amsfonts/cm/cmtt10.p
fb><C:/Users/dgatl_000/AppData/Local/Programs/MiKTeX 2.9.6/fonts/type1/public/a
msfonts/cm/cmtt12.pfb>
Output written on mythesis.pdf (24 pages, 285484 bytes).
PDF statistics:
 352 PDF objects out of 1000 (max. 8388607)
 92 named destinations out of 1000 (max. 500000)
 130 words of extra memory for PDF output out of 10000 (max. 10000000)

