This is pdfTeX, Version 3.14159265-2.6-1.40.19 (MiKTeX 2.9.6840 64-bit) (preloaded format=pdflatex 2018.11.8)  7 APR 2019 13:34
entering extended mode
**"C:/Users/dgatl_000/OneDrive - UCB-O365/Senior_1/Thesis/honors_thesis.tex"
("C:/Users/dgatl_000/OneDrive - UCB-O365/Senior_1/Thesis/honors_thesis.tex"
LaTeX2e <2018-04-01> patch level 5
(apsthesis.cls
Document Class: apsthesis 2018/03/27

--------------------------------------------------------------
 +---+ Thesis Style (apsthesis.cls) version 1.14
 +---+ for University of Colorado APS Honorstheses.
 * Conforms to the University of Colorado at Boulder Graduate
 * School "SPECIFICATIONS for Preparation of Master's Thesis
 * and Doctoral Dissertations" (rev. March 2014).
--------------------------------------------------------------
 URL: http://www.colorado.edu/oit/software-hardware/tex-latex


("C:\Users\dgatl_000\AppData\Local\Programs\MiKTeX 2.9.6\tex\latex\base\report.
cls"
Document Class: report 2014/09/29 v1.4h Standard LaTeX document class

("C:\Users\dgatl_000\AppData\Local\Programs\MiKTeX 2.9.6\tex\latex\base\size11.
clo"
File: size11.clo 2014/09/29 v1.4h Standard LaTeX file (size option)
)
\c@part=\count80
\c@chapter=\count81
\c@section=\count82
\c@subsection=\count83
\c@subsubsection=\count84
\c@paragraph=\count85
\c@subparagraph=\count86
\c@figure=\count87
\c@table=\count88
\abovecaptionskip=\skip41
\belowcaptionskip=\skip42
\bibindent=\dimen102
)
("C:\Users\dgatl_000\AppData\Local\Programs\MiKTeX 2.9.6\tex\latex\tools\indent
first.sty"
Package: indentfirst 1995/11/23 v1.03 Indent first paragraph (DPC)
)
("C:\Users\dgatl_000\AppData\Local\Programs\MiKTeX 2.9.6\tex\latex\base\ifthen.
sty"
Package: ifthen 2014/09/29 v1.1c Standard LaTeX ifthen package (DPC)
)
("C:\Users\dgatl_000\AppData\Local\Programs\MiKTeX 2.9.6\tex\latex\ulem\ulem.st
y"
\UL@box=\box26
\UL@hyphenbox=\box27
\UL@skip=\skip43
\UL@hook=\toks14
\UL@height=\dimen103
\UL@pe=\count89
\UL@pixel=\dimen104
\ULC@box=\box28
Package: ulem 2012/05/18
\ULdepth=\dimen105
)
\c@th@SecNum=\count90
\c@th@SectionSave=\count91
\th@SubSubSecSpc=\skip44
\c@th@storepage=\count92
\plot@width=\skip45
)
("C:\Users\dgatl_000\AppData\Local\Programs\MiKTeX 2.9.6\tex\latex\amsfonts\ams
symb.sty"
Package: amssymb 2013/01/14 v3.01 AMS font symbols

("C:\Users\dgatl_000\AppData\Local\Programs\MiKTeX 2.9.6\tex\latex\amsfonts\ams
fonts.sty"
Package: amsfonts 2013/01/14 v3.01 Basic AMSFonts support
\@emptytoks=\toks15
\symAMSa=\mathgroup4
\symAMSb=\mathgroup5
LaTeX Font Info:    Overwriting math alphabet `\mathfrak' in version `bold'
(Font)                  U/euf/m/n --> U/euf/b/n on input line 106.
))
("C:\Users\dgatl_000\AppData\Local\Programs\MiKTeX 2.9.6\tex\latex\graphics\gra
phicx.sty"
Package: graphicx 2017/06/01 v1.1a Enhanced LaTeX Graphics (DPC,SPQR)

("C:\Users\dgatl_000\AppData\Local\Programs\MiKTeX 2.9.6\tex\latex\graphics\key
val.sty"
Package: keyval 2014/10/28 v1.15 key=value parser (DPC)
\KV@toks@=\toks16
)
("C:\Users\dgatl_000\AppData\Local\Programs\MiKTeX 2.9.6\tex\latex\graphics\gra
phics.sty"
Package: graphics 2017/06/25 v1.2c Standard LaTeX Graphics (DPC,SPQR)

("C:\Users\dgatl_000\AppData\Local\Programs\MiKTeX 2.9.6\tex\latex\graphics\tri
g.sty"
Package: trig 2016/01/03 v1.10 sin cos tan (DPC)
)
("C:\Users\dgatl_000\AppData\Local\Programs\MiKTeX 2.9.6\tex\latex\graphics-cfg
\graphics.cfg"
File: graphics.cfg 2016/06/04 v1.11 sample graphics configuration
)
Package graphics Info: Driver file: pdftex.def on input line 99.

("C:\Users\dgatl_000\AppData\Local\Programs\MiKTeX 2.9.6\tex\latex\graphics-def
\pdftex.def"
File: pdftex.def 2018/01/08 v1.0l Graphics/color driver for pdftex
))
\Gin@req@height=\dimen106
\Gin@req@width=\dimen107
)
("C:\Users\dgatl_000\AppData\Local\Programs\MiKTeX 2.9.6\tex\latex\hyperref\hyp
erref.sty"
Package: hyperref 2018/09/30 v6.88a Hypertext links for LaTeX

("C:\Users\dgatl_000\AppData\Local\Programs\MiKTeX 2.9.6\tex\generic\oberdiek\h
obsub-hyperref.sty"
Package: hobsub-hyperref 2016/05/16 v1.14 Bundle oberdiek, subset hyperref (HO)


("C:\Users\dgatl_000\AppData\Local\Programs\MiKTeX 2.9.6\tex\generic\oberdiek\h
obsub-generic.sty"
Package: hobsub-generic 2016/05/16 v1.14 Bundle oberdiek, subset generic (HO)
Package: hobsub 2016/05/16 v1.14 Construct package bundles (HO)
Package: infwarerr 2016/05/16 v1.4 Providing info/warning/error messages (HO)
Package: ltxcmds 2016/05/16 v1.23 LaTeX kernel commands for general use (HO)
Package: ifluatex 2016/05/16 v1.4 Provides the ifluatex switch (HO)
Package ifluatex Info: LuaTeX not detected.
Package: ifvtex 2016/05/16 v1.6 Detect VTeX and its facilities (HO)
Package ifvtex Info: VTeX not detected.
Package: intcalc 2016/05/16 v1.2 Expandable calculations with integers (HO)
Package: ifpdf 2018/09/07 v3.3 Provides the ifpdf switch
Package: etexcmds 2016/05/16 v1.6 Avoid name clashes with e-TeX commands (HO)
Package etexcmds Info: Could not find \expanded.
(etexcmds)             That can mean that you are not using pdfTeX 1.50 or
(etexcmds)             that some package has redefined \expanded.
(etexcmds)             In the latter case, load this package earlier.
Package: kvsetkeys 2016/05/16 v1.17 Key value parser (HO)
Package: kvdefinekeys 2016/05/16 v1.4 Define keys (HO)
Package: pdftexcmds 2018/09/10 v0.29 Utility functions of pdfTeX for LuaTeX (HO
)
Package pdftexcmds Info: LuaTeX not detected.
Package pdftexcmds Info: \pdf@primitive is available.
Package pdftexcmds Info: \pdf@ifprimitive is available.
Package pdftexcmds Info: \pdfdraftmode found.
Package: pdfescape 2016/05/16 v1.14 Implements pdfTeX's escape features (HO)
Package: bigintcalc 2016/05/16 v1.4 Expandable calculations on big integers (HO
)
Package: bitset 2016/05/16 v1.2 Handle bit-vector datatype (HO)
Package: uniquecounter 2016/05/16 v1.3 Provide unlimited unique counter (HO)
)
Package hobsub Info: Skipping package `hobsub' (already loaded).
Package: letltxmacro 2016/05/16 v1.5 Let assignment for LaTeX macros (HO)
Package: hopatch 2016/05/16 v1.3 Wrapper for package hooks (HO)
Package: xcolor-patch 2016/05/16 xcolor patch
Package: atveryend 2016/05/16 v1.9 Hooks at the very end of document (HO)
Package atveryend Info: \enddocument detected (standard20110627).
Package: atbegshi 2016/06/09 v1.18 At begin shipout hook (HO)
Package: refcount 2016/05/16 v3.5 Data extraction from label references (HO)
Package: hycolor 2016/05/16 v1.8 Color options for hyperref/bookmark (HO)
)
("C:\Users\dgatl_000\AppData\Local\Programs\MiKTeX 2.9.6\tex\generic\ifxetex\if
xetex.sty"
Package: ifxetex 2010/09/12 v0.6 Provides ifxetex conditional
)
("C:\Users\dgatl_000\AppData\Local\Programs\MiKTeX 2.9.6\tex\latex\oberdiek\aux
hook.sty"
Package: auxhook 2016/05/16 v1.4 Hooks for auxiliary files (HO)


Package auxhook Warning: Cannot patch \document,
(auxhook)                using \AtBeginDocument instead.

)
("C:\Users\dgatl_000\AppData\Local\Programs\MiKTeX 2.9.6\tex\latex\oberdiek\kvo
ptions.sty"
Package: kvoptions 2016/05/16 v3.12 Key value format for package options (HO)
)
\@linkdim=\dimen108
\Hy@linkcounter=\count93
\Hy@pagecounter=\count94

("C:\Users\dgatl_000\AppData\Local\Programs\MiKTeX 2.9.6\tex\latex\hyperref\pd1
enc.def"
File: pd1enc.def 2018/09/30 v6.88a Hyperref: PDFDocEncoding definition (HO)
Now handling font encoding PD1 ...
... no UTF-8 mapping file for font encoding PD1
)
\Hy@SavedSpaceFactor=\count95

("C:\Users\dgatl_000\AppData\Local\Programs\MiKTeX 2.9.6\tex\latex\00miktex\hyp
erref.cfg"
File: hyperref.cfg 2002/06/06 v1.2 hyperref configuration of TeXLive
)
Package hyperref Info: Hyper figures OFF on input line 4535.
Package hyperref Info: Link nesting OFF on input line 4540.
Package hyperref Info: Hyper index ON on input line 4543.
Package hyperref Info: Plain pages OFF on input line 4550.
Package hyperref Info: Backreferencing OFF on input line 4555.
Package hyperref Info: Implicit mode ON; LaTeX internals redefined.
Package hyperref Info: Bookmarks ON on input line 4788.
\c@Hy@tempcnt=\count96

("C:\Users\dgatl_000\AppData\Local\Programs\MiKTeX 2.9.6\tex\latex\url\url.sty"
\Urlmuskip=\muskip10
Package: url 2013/09/16  ver 3.4  Verb mode for urls, etc.
)
LaTeX Info: Redefining \url on input line 5141.
\XeTeXLinkMargin=\dimen109
\Fld@menulength=\count97
\Field@Width=\dimen110
\Fld@charsize=\dimen111
Package hyperref Info: Hyper figures OFF on input line 6396.
Package hyperref Info: Link nesting OFF on input line 6401.
Package hyperref Info: Hyper index ON on input line 6404.
Package hyperref Info: backreferencing OFF on input line 6411.
Package hyperref Info: Link coloring OFF on input line 6416.
Package hyperref Info: Link coloring with OCG OFF on input line 6421.
Package hyperref Info: PDF/A mode OFF on input line 6426.
LaTeX Info: Redefining \ref on input line 6466.
LaTeX Info: Redefining \pageref on input line 6470.
\Hy@abspage=\count98
\c@Item=\count99
\c@Hfootnote=\count100
)
Package hyperref Info: Driver (autodetected): hpdftex.

("C:\Users\dgatl_000\AppData\Local\Programs\MiKTeX 2.9.6\tex\latex\hyperref\hpd
ftex.def"
File: hpdftex.def 2018/09/30 v6.88a Hyperref driver for pdfTeX
\Fld@listcount=\count101
\c@bookmark@seq@number=\count102

("C:\Users\dgatl_000\AppData\Local\Programs\MiKTeX 2.9.6\tex\latex\oberdiek\rer
unfilecheck.sty"
Package: rerunfilecheck 2016/05/16 v1.8 Rerun checks for auxiliary files (HO)
Package uniquecounter Info: New unique counter `rerunfilecheck' on input line 2
82.
)
\Hy@SectionHShift=\skip46
)
("C:\Users\dgatl_000\AppData\Local\Programs\MiKTeX 2.9.6\tex\latex\natbib\natbi
b.sty"
Package: natbib 2010/09/13 8.31b (PWD, AO)
\bibhang=\skip47
\bibsep=\skip48
LaTeX Info: Redefining \cite on input line 694.
\c@NAT@ctr=\count103
)
("C:\Users\dgatl_000\AppData\Local\Programs\MiKTeX 2.9.6\tex\latex\datetime\dat
etime.sty"
Package: datetime 2015/03/20 v2.60 Date Time Package

("C:\Users\dgatl_000\AppData\Local\Programs\MiKTeX 2.9.6\tex\latex\etoolbox\eto
olbox.sty"
Package: etoolbox 2018/08/19 v2.5f e-TeX tools for LaTeX (JAW)
\etb@tempcnta=\count104
)
("C:\Users\dgatl_000\AppData\Local\Programs\MiKTeX 2.9.6\tex\latex\fmtcount\fmt
count.sty"
Package: fmtcount 2017/12/24 v3.05

("C:\Users\dgatl_000\AppData\Local\Programs\MiKTeX 2.9.6\tex\latex\xkeyval\xkey
val.sty"
Package: xkeyval 2014/12/03 v2.7a package option processing (HA)

("C:\Users\dgatl_000\AppData\Local\Programs\MiKTeX 2.9.6\tex\generic\xkeyval\xk
eyval.tex"
("C:\Users\dgatl_000\AppData\Local\Programs\MiKTeX 2.9.6\tex\generic\xkeyval\xk
vutils.tex"
\XKV@toks=\toks17
\XKV@tempa@toks=\toks18
)
\XKV@depth=\count105
File: xkeyval.tex 2014/12/03 v2.7a key=value parser (HA)
))
("C:\Users\dgatl_000\AppData\Local\Programs\MiKTeX 2.9.6\tex\latex\fmtcount\fcp
refix.sty"
Package: fcprefix 2012/09/28

("C:\Users\dgatl_000\AppData\Local\Programs\MiKTeX 2.9.6\tex\latex\fmtcount\fcn
umparser.sty"
Package: fcnumparser 2017/06/15
\fc@digit@counter=\count106
))
("C:\Users\dgatl_000\AppData\Local\Programs\MiKTeX 2.9.6\tex\latex\amsmath\amsg
en.sty"
File: amsgen.sty 1999/11/30 v2.0 generic functions
\@emptytoks=\toks19
\ex@=\dimen112
)
\c@padzeroesN=\count107
\fc@tmpcatcode=\count108
\@DT@modctr=\count109
\@ordinalctr=\count110
\@orgargctr=\count111
\@strctr=\count112
\@tmpstrctr=\count113
\@DT@loopN=\count114
\@DT@X=\count115
)
("C:\Users\dgatl_000\AppData\Local\Programs\MiKTeX 2.9.6\tex\latex\datetime\dat
etime-defaults.sty"
Package: datetime-defaults 2013/09/10
)
\@day=\count116
\@month=\count117
\@year=\count118
\c@HOUR=\count119
\c@HOURXII=\count120
\c@MINUTE=\count121
\c@TOHOUR=\count122
\c@TOMINUTE=\count123
\c@SECOND=\count124
\currenthour=\count125
\currentminute=\count126
\currentsecond=\count127
Package datetime Info: No datetime.cfg file found, using default settings on in
put line 308.
\@dtctr=\count128
\dayofyear=\count129
\dayofweek=\count130
LaTeX Info: Redefining \today on input line 736.
\dt@a=\toks20
\dt@b=\toks21
)
("C:\Users\dgatl_000\AppData\Local\Programs\MiKTeX 2.9.6\tex\latex\todonotes\to
donotes.sty"
Package: todonotes 2015/07/09 .dtx Todonotes source and documentation.
Package: todonotes 2012/07/25

("C:\Users\dgatl_000\AppData\Local\Programs\MiKTeX 2.9.6\tex\latex\xcolor\xcolo
r.sty"
Package: xcolor 2016/05/11 v2.12 LaTeX color extensions (UK)

("C:\Users\dgatl_000\AppData\Local\Programs\MiKTeX 2.9.6\tex\latex\graphics-cfg
\color.cfg"
File: color.cfg 2016/01/02 v1.6 sample color configuration
)
Package xcolor Info: Driver file: pdftex.def on input line 225.
Package xcolor Info: Model `cmy' substituted by `cmy0' on input line 1348.
Package xcolor Info: Model `hsb' substituted by `rgb' on input line 1352.
Package xcolor Info: Model `RGB' extended on input line 1364.
Package xcolor Info: Model `HTML' substituted by `rgb' on input line 1366.
Package xcolor Info: Model `Hsb' substituted by `hsb' on input line 1367.
Package xcolor Info: Model `tHsb' substituted by `hsb' on input line 1368.
Package xcolor Info: Model `HSB' substituted by `hsb' on input line 1369.
Package xcolor Info: Model `Gray' substituted by `gray' on input line 1370.
Package xcolor Info: Model `wave' substituted by `hsb' on input line 1371.
)
("C:\Users\dgatl_000\AppData\Local\Programs\MiKTeX 2.9.6\tex\latex\pgf\frontend
layer\tikz.sty"
("C:\Users\dgatl_000\AppData\Local\Programs\MiKTeX 2.9.6\tex\latex\pgf\basiclay
er\pgf.sty"
("C:\Users\dgatl_000\AppData\Local\Programs\MiKTeX 2.9.6\tex\latex\pgf\utilitie
s\pgfrcs.sty"
("C:\Users\dgatl_000\AppData\Local\Programs\MiKTeX 2.9.6\tex\generic\pgf\utilit
ies\pgfutil-common.tex"
\pgfutil@everybye=\toks22
\pgfutil@tempdima=\dimen113
\pgfutil@tempdimb=\dimen114

("C:\Users\dgatl_000\AppData\Local\Programs\MiKTeX 2.9.6\tex\generic\pgf\utilit
ies\pgfutil-common-lists.tex"))
("C:\Users\dgatl_000\AppData\Local\Programs\MiKTeX 2.9.6\tex\generic\pgf\utilit
ies\pgfutil-latex.def"
\pgfutil@abb=\box29

("C:\Users\dgatl_000\AppData\Local\Programs\MiKTeX 2.9.6\tex\latex\ms\everyshi.
sty"
Package: everyshi 2001/05/15 v3.00 EveryShipout Package (MS)
))
("C:\Users\dgatl_000\AppData\Local\Programs\MiKTeX 2.9.6\tex\generic\pgf\utilit
ies\pgfrcs.code.tex"
Package: pgfrcs 2015/08/07 v3.0.1a (rcs-revision 1.31)
))
Package: pgf 2015/08/07 v3.0.1a (rcs-revision 1.15)

("C:\Users\dgatl_000\AppData\Local\Programs\MiKTeX 2.9.6\tex\latex\pgf\basiclay
er\pgfcore.sty"
("C:\Users\dgatl_000\AppData\Local\Programs\MiKTeX 2.9.6\tex\latex\pgf\systemla
yer\pgfsys.sty"
("C:\Users\dgatl_000\AppData\Local\Programs\MiKTeX 2.9.6\tex\generic\pgf\system
layer\pgfsys.code.tex"
Package: pgfsys 2014/07/09 v3.0.1a (rcs-revision 1.48)

("C:\Users\dgatl_000\AppData\Local\Programs\MiKTeX 2.9.6\tex\generic\pgf\utilit
ies\pgfkeys.code.tex"
\pgfkeys@pathtoks=\toks23
\pgfkeys@temptoks=\toks24

("C:\Users\dgatl_000\AppData\Local\Programs\MiKTeX 2.9.6\tex\generic\pgf\utilit
ies\pgfkeysfiltered.code.tex"
\pgfkeys@tmptoks=\toks25
))
\pgf@x=\dimen115
\pgf@y=\dimen116
\pgf@xa=\dimen117
\pgf@ya=\dimen118
\pgf@xb=\dimen119
\pgf@yb=\dimen120
\pgf@xc=\dimen121
\pgf@yc=\dimen122
\w@pgf@writea=\write3
\r@pgf@reada=\read1
\c@pgf@counta=\count131
\c@pgf@countb=\count132
\c@pgf@countc=\count133
\c@pgf@countd=\count134
\t@pgf@toka=\toks26
\t@pgf@tokb=\toks27
\t@pgf@tokc=\toks28

("C:\Users\dgatl_000\AppData\Local\Programs\MiKTeX 2.9.6\tex\generic\pgf\system
layer\pgf.cfg"
File: pgf.cfg 2008/05/14  (rcs-revision 1.7)
)
Driver file for pgf: pgfsys-pdftex.def

("C:\Users\dgatl_000\AppData\Local\Programs\MiKTeX 2.9.6\tex\generic\pgf\system
layer\pgfsys-pdftex.def"
File: pgfsys-pdftex.def 2014/10/11  (rcs-revision 1.35)

("C:\Users\dgatl_000\AppData\Local\Programs\MiKTeX 2.9.6\tex\generic\pgf\system
layer\pgfsys-common-pdf.def"
File: pgfsys-common-pdf.def 2013/10/10  (rcs-revision 1.13)
)))
("C:\Users\dgatl_000\AppData\Local\Programs\MiKTeX 2.9.6\tex\generic\pgf\system
layer\pgfsyssoftpath.code.tex"
File: pgfsyssoftpath.code.tex 2013/09/09  (rcs-revision 1.9)
\pgfsyssoftpath@smallbuffer@items=\count135
\pgfsyssoftpath@bigbuffer@items=\count136
)
("C:\Users\dgatl_000\AppData\Local\Programs\MiKTeX 2.9.6\tex\generic\pgf\system
layer\pgfsysprotocol.code.tex"
File: pgfsysprotocol.code.tex 2006/10/16  (rcs-revision 1.4)
))
("C:\Users\dgatl_000\AppData\Local\Programs\MiKTeX 2.9.6\tex\generic\pgf\basicl
ayer\pgfcore.code.tex"
Package: pgfcore 2010/04/11 v3.0.1a (rcs-revision 1.7)

("C:\Users\dgatl_000\AppData\Local\Programs\MiKTeX 2.9.6\tex\generic\pgf\math\p
gfmath.code.tex"
("C:\Users\dgatl_000\AppData\Local\Programs\MiKTeX 2.9.6\tex\generic\pgf\math\p
gfmathcalc.code.tex"
("C:\Users\dgatl_000\AppData\Local\Programs\MiKTeX 2.9.6\tex\generic\pgf\math\p
gfmathutil.code.tex")
("C:\Users\dgatl_000\AppData\Local\Programs\MiKTeX 2.9.6\tex\generic\pgf\math\p
gfmathparser.code.tex"
\pgfmath@dimen=\dimen123
\pgfmath@count=\count137
\pgfmath@box=\box30
\pgfmath@toks=\toks29
\pgfmath@stack@operand=\toks30
\pgfmath@stack@operation=\toks31
)
("C:\Users\dgatl_000\AppData\Local\Programs\MiKTeX 2.9.6\tex\generic\pgf\math\p
gfmathfunctions.code.tex"
("C:\Users\dgatl_000\AppData\Local\Programs\MiKTeX 2.9.6\tex\generic\pgf\math\p
gfmathfunctions.basic.code.tex")
("C:\Users\dgatl_000\AppData\Local\Programs\MiKTeX 2.9.6\tex\generic\pgf\math\p
gfmathfunctions.trigonometric.code.tex")
("C:\Users\dgatl_000\AppData\Local\Programs\MiKTeX 2.9.6\tex\generic\pgf\math\p
gfmathfunctions.random.code.tex")
("C:\Users\dgatl_000\AppData\Local\Programs\MiKTeX 2.9.6\tex\generic\pgf\math\p
gfmathfunctions.comparison.code.tex")
("C:\Users\dgatl_000\AppData\Local\Programs\MiKTeX 2.9.6\tex\generic\pgf\math\p
gfmathfunctions.base.code.tex")
("C:\Users\dgatl_000\AppData\Local\Programs\MiKTeX 2.9.6\tex\generic\pgf\math\p
gfmathfunctions.round.code.tex")
("C:\Users\dgatl_000\AppData\Local\Programs\MiKTeX 2.9.6\tex\generic\pgf\math\p
gfmathfunctions.misc.code.tex")
("C:\Users\dgatl_000\AppData\Local\Programs\MiKTeX 2.9.6\tex\generic\pgf\math\p
gfmathfunctions.integerarithmetics.code.tex")))
("C:\Users\dgatl_000\AppData\Local\Programs\MiKTeX 2.9.6\tex\generic\pgf\math\p
gfmathfloat.code.tex"
\c@pgfmathroundto@lastzeros=\count138
))
("C:\Users\dgatl_000\AppData\Local\Programs\MiKTeX 2.9.6\tex\generic\pgf\basicl
ayer\pgfcorepoints.code.tex"
File: pgfcorepoints.code.tex 2013/10/07  (rcs-revision 1.27)
\pgf@picminx=\dimen124
\pgf@picmaxx=\dimen125
\pgf@picminy=\dimen126
\pgf@picmaxy=\dimen127
\pgf@pathminx=\dimen128
\pgf@pathmaxx=\dimen129
\pgf@pathminy=\dimen130
\pgf@pathmaxy=\dimen131
\pgf@xx=\dimen132
\pgf@xy=\dimen133
\pgf@yx=\dimen134
\pgf@yy=\dimen135
\pgf@zx=\dimen136
\pgf@zy=\dimen137
)
("C:\Users\dgatl_000\AppData\Local\Programs\MiKTeX 2.9.6\tex\generic\pgf\basicl
ayer\pgfcorepathconstruct.code.tex"
File: pgfcorepathconstruct.code.tex 2013/10/07  (rcs-revision 1.29)
\pgf@path@lastx=\dimen138
\pgf@path@lasty=\dimen139
)
("C:\Users\dgatl_000\AppData\Local\Programs\MiKTeX 2.9.6\tex\generic\pgf\basicl
ayer\pgfcorepathusage.code.tex"
File: pgfcorepathusage.code.tex 2014/11/02  (rcs-revision 1.24)
\pgf@shorten@end@additional=\dimen140
\pgf@shorten@start@additional=\dimen141
)
("C:\Users\dgatl_000\AppData\Local\Programs\MiKTeX 2.9.6\tex\generic\pgf\basicl
ayer\pgfcorescopes.code.tex"
File: pgfcorescopes.code.tex 2015/05/08  (rcs-revision 1.46)
\pgfpic=\box31
\pgf@hbox=\box32
\pgf@layerbox@main=\box33
\pgf@picture@serial@count=\count139
)
("C:\Users\dgatl_000\AppData\Local\Programs\MiKTeX 2.9.6\tex\generic\pgf\basicl
ayer\pgfcoregraphicstate.code.tex"
File: pgfcoregraphicstate.code.tex 2014/11/02  (rcs-revision 1.12)
\pgflinewidth=\dimen142
)
("C:\Users\dgatl_000\AppData\Local\Programs\MiKTeX 2.9.6\tex\generic\pgf\basicl
ayer\pgfcoretransformations.code.tex"
File: pgfcoretransformations.code.tex 2015/08/07  (rcs-revision 1.20)
\pgf@pt@x=\dimen143
\pgf@pt@y=\dimen144
\pgf@pt@temp=\dimen145
)
("C:\Users\dgatl_000\AppData\Local\Programs\MiKTeX 2.9.6\tex\generic\pgf\basicl
ayer\pgfcorequick.code.tex"
File: pgfcorequick.code.tex 2008/10/09  (rcs-revision 1.3)
)
("C:\Users\dgatl_000\AppData\Local\Programs\MiKTeX 2.9.6\tex\generic\pgf\basicl
ayer\pgfcoreobjects.code.tex"
File: pgfcoreobjects.code.tex 2006/10/11  (rcs-revision 1.2)
)
("C:\Users\dgatl_000\AppData\Local\Programs\MiKTeX 2.9.6\tex\generic\pgf\basicl
ayer\pgfcorepathprocessing.code.tex"
File: pgfcorepathprocessing.code.tex 2013/09/09  (rcs-revision 1.9)
)
("C:\Users\dgatl_000\AppData\Local\Programs\MiKTeX 2.9.6\tex\generic\pgf\basicl
ayer\pgfcorearrows.code.tex"
File: pgfcorearrows.code.tex 2015/05/14  (rcs-revision 1.43)
\pgfarrowsep=\dimen146
)
("C:\Users\dgatl_000\AppData\Local\Programs\MiKTeX 2.9.6\tex\generic\pgf\basicl
ayer\pgfcoreshade.code.tex"
File: pgfcoreshade.code.tex 2013/07/15  (rcs-revision 1.15)
\pgf@max=\dimen147
\pgf@sys@shading@range@num=\count140
)
("C:\Users\dgatl_000\AppData\Local\Programs\MiKTeX 2.9.6\tex\generic\pgf\basicl
ayer\pgfcoreimage.code.tex"
File: pgfcoreimage.code.tex 2013/07/15  (rcs-revision 1.18)

("C:\Users\dgatl_000\AppData\Local\Programs\MiKTeX 2.9.6\tex\generic\pgf\basicl
ayer\pgfcoreexternal.code.tex"
File: pgfcoreexternal.code.tex 2014/07/09  (rcs-revision 1.21)
\pgfexternal@startupbox=\box34
))
("C:\Users\dgatl_000\AppData\Local\Programs\MiKTeX 2.9.6\tex\generic\pgf\basicl
ayer\pgfcorelayers.code.tex"
File: pgfcorelayers.code.tex 2013/07/18  (rcs-revision 1.7)
)
("C:\Users\dgatl_000\AppData\Local\Programs\MiKTeX 2.9.6\tex\generic\pgf\basicl
ayer\pgfcoretransparency.code.tex"
File: pgfcoretransparency.code.tex 2013/09/30  (rcs-revision 1.5)
)
("C:\Users\dgatl_000\AppData\Local\Programs\MiKTeX 2.9.6\tex\generic\pgf\basicl
ayer\pgfcorepatterns.code.tex"
File: pgfcorepatterns.code.tex 2013/11/07  (rcs-revision 1.5)
)))
("C:\Users\dgatl_000\AppData\Local\Programs\MiKTeX 2.9.6\tex\generic\pgf\module
s\pgfmoduleshapes.code.tex"
File: pgfmoduleshapes.code.tex 2014/03/21  (rcs-revision 1.35)
\pgfnodeparttextbox=\box35
)
("C:\Users\dgatl_000\AppData\Local\Programs\MiKTeX 2.9.6\tex\generic\pgf\module
s\pgfmoduleplot.code.tex"
File: pgfmoduleplot.code.tex 2015/08/03  (rcs-revision 1.13)
)
("C:\Users\dgatl_000\AppData\Local\Programs\MiKTeX 2.9.6\tex\latex\pgf\compatib
ility\pgfcomp-version-0-65.sty"
Package: pgfcomp-version-0-65 2007/07/03 v3.0.1a (rcs-revision 1.7)
\pgf@nodesepstart=\dimen148
\pgf@nodesepend=\dimen149
)
("C:\Users\dgatl_000\AppData\Local\Programs\MiKTeX 2.9.6\tex\latex\pgf\compatib
ility\pgfcomp-version-1-18.sty"
Package: pgfcomp-version-1-18 2007/07/23 v3.0.1a (rcs-revision 1.1)
))
("C:\Users\dgatl_000\AppData\Local\Programs\MiKTeX 2.9.6\tex\latex\pgf\utilitie
s\pgffor.sty"
("C:\Users\dgatl_000\AppData\Local\Programs\MiKTeX 2.9.6\tex\latex\pgf\utilitie
s\pgfkeys.sty"
("C:\Users\dgatl_000\AppData\Local\Programs\MiKTeX 2.9.6\tex\generic\pgf\utilit
ies\pgfkeys.code.tex"))
("C:\Users\dgatl_000\AppData\Local\Programs\MiKTeX 2.9.6\tex\latex\pgf\math\pgf
math.sty"
("C:\Users\dgatl_000\AppData\Local\Programs\MiKTeX 2.9.6\tex\generic\pgf\math\p
gfmath.code.tex"))
("C:\Users\dgatl_000\AppData\Local\Programs\MiKTeX 2.9.6\tex\generic\pgf\utilit
ies\pgffor.code.tex"
Package: pgffor 2013/12/13 v3.0.1a (rcs-revision 1.25)

("C:\Users\dgatl_000\AppData\Local\Programs\MiKTeX 2.9.6\tex\generic\pgf\math\p
gfmath.code.tex")
\pgffor@iter=\dimen150
\pgffor@skip=\dimen151
\pgffor@stack=\toks32
\pgffor@toks=\toks33
))
("C:\Users\dgatl_000\AppData\Local\Programs\MiKTeX 2.9.6\tex\generic\pgf\fronte
ndlayer\tikz\tikz.code.tex"
Package: tikz 2015/08/07 v3.0.1a (rcs-revision 1.151)

("C:\Users\dgatl_000\AppData\Local\Programs\MiKTeX 2.9.6\tex\generic\pgf\librar
ies\pgflibraryplothandlers.code.tex"
File: pgflibraryplothandlers.code.tex 2013/08/31 v3.0.1a (rcs-revision 1.20)
\pgf@plot@mark@count=\count141
\pgfplotmarksize=\dimen152
)
\tikz@lastx=\dimen153
\tikz@lasty=\dimen154
\tikz@lastxsaved=\dimen155
\tikz@lastysaved=\dimen156
\tikzleveldistance=\dimen157
\tikzsiblingdistance=\dimen158
\tikz@figbox=\box36
\tikz@figbox@bg=\box37
\tikz@tempbox=\box38
\tikz@tempbox@bg=\box39
\tikztreelevel=\count142
\tikznumberofchildren=\count143
\tikznumberofcurrentchild=\count144
\tikz@fig@count=\count145

("C:\Users\dgatl_000\AppData\Local\Programs\MiKTeX 2.9.6\tex\generic\pgf\module
s\pgfmodulematrix.code.tex"
File: pgfmodulematrix.code.tex 2013/09/17  (rcs-revision 1.8)
\pgfmatrixcurrentrow=\count146
\pgfmatrixcurrentcolumn=\count147
\pgf@matrix@numberofcolumns=\count148
)
\tikz@expandcount=\count149

("C:\Users\dgatl_000\AppData\Local\Programs\MiKTeX 2.9.6\tex\generic\pgf\fronte
ndlayer\tikz\libraries\tikzlibrarytopaths.code.tex"
File: tikzlibrarytopaths.code.tex 2008/06/17 v3.0.1a (rcs-revision 1.2)
)))
("C:\Users\dgatl_000\AppData\Local\Programs\MiKTeX 2.9.6\tex\generic\pgf\fronte
ndlayer\tikz\libraries\tikzlibrarypositioning.code.tex"
File: tikzlibrarypositioning.code.tex 2008/10/06 v3.0.1a (rcs-revision 1.7)
)
("C:\Users\dgatl_000\AppData\Local\Programs\MiKTeX 2.9.6\tex\latex\tools\calc.s
ty"
Package: calc 2017/05/25 v4.3 Infix arithmetic (KKT,FJ)
\calc@Acount=\count150
\calc@Bcount=\count151
\calc@Adimen=\dimen159
\calc@Bdimen=\dimen160
\calc@Askip=\skip49
\calc@Bskip=\skip50
LaTeX Info: Redefining \setlength on input line 80.
LaTeX Info: Redefining \addtolength on input line 81.
\calc@Ccount=\count152
\calc@Cskip=\skip51
)
\c@@todonotes@numberoftodonotes=\count153
)
("C:\Users\dgatl_000\AppData\Local\Programs\MiKTeX 2.9.6\tex\latex\units\nicefr
ac.sty"
Package: nicefrac 1998/08/04 v0.9b Nice fractions
\L@UnitsRaiseDisplaystyle=\skip52
\L@UnitsRaiseTextstyle=\skip53
\L@UnitsRaiseScriptstyle=\skip54
LaTeX Info: Redefining \nicefrac on input line 131.
)
("C:\Users\dgatl_000\AppData\Local\Programs\MiKTeX 2.9.6\tex\latex\tools\multic
ol.sty"
Package: multicol 2018/04/20 v1.8s multicolumn formatting (FMi)
\c@tracingmulticols=\count154
\mult@box=\box40
\multicol@leftmargin=\dimen161
\c@unbalance=\count155
\c@collectmore=\count156
\doublecol@number=\count157
\multicoltolerance=\count158
\multicolpretolerance=\count159
\full@width=\dimen162
\page@free=\dimen163
\premulticols=\dimen164
\postmulticols=\dimen165
\multicolsep=\skip55
\multicolbaselineskip=\skip56
\partial@page=\box41
\last@line=\box42
\maxbalancingoverflow=\dimen166
\mult@rightbox=\box43
\mult@grightbox=\box44
\mult@gfirstbox=\box45
\mult@firstbox=\box46
\@tempa=\box47
\@tempa=\box48
\@tempa=\box49
\@tempa=\box50
\@tempa=\box51
\@tempa=\box52
\@tempa=\box53
\@tempa=\box54
\@tempa=\box55
\@tempa=\box56
\@tempa=\box57
\@tempa=\box58
\@tempa=\box59
\@tempa=\box60
\@tempa=\box61
\@tempa=\box62
\@tempa=\box63
\c@columnbadness=\count160
\c@finalcolumnbadness=\count161
\last@try=\dimen167
\multicolovershoot=\dimen168
\multicolundershoot=\dimen169
\mult@nat@firstbox=\box64
\colbreak@box=\box65
\mc@col@check@num=\count162
)
("C:\Users\dgatl_000\AppData\Local\Programs\MiKTeX 2.9.6\tex\latex\multirow\mul
tirow.sty"
Package: multirow 2018/08/03 v2.3 Span multiple rows of a table
\multirow@colwidth=\skip57
\multirow@cntb=\count163
\multirow@dima=\skip58
\bigstrutjot=\dimen170
)
("C:\Users\dgatl_000\AppData\Local\Programs\MiKTeX 2.9.6\tex\latex\amsmath\amsm
ath.sty"
Package: amsmath 2017/09/02 v2.17a AMS math features
\@mathmargin=\skip59

For additional information on amsmath, use the `?' option.

("C:\Users\dgatl_000\AppData\Local\Programs\MiKTeX 2.9.6\tex\latex\amsmath\amst
ext.sty"
Package: amstext 2000/06/29 v2.01 AMS text
)
("C:\Users\dgatl_000\AppData\Local\Programs\MiKTeX 2.9.6\tex\latex\amsmath\amsb
sy.sty"
Package: amsbsy 1999/11/29 v1.2d Bold Symbols
\pmbraise@=\dimen171
)
("C:\Users\dgatl_000\AppData\Local\Programs\MiKTeX 2.9.6\tex\latex\amsmath\amso
pn.sty"
Package: amsopn 2016/03/08 v2.02 operator names
)
\inf@bad=\count164
LaTeX Info: Redefining \frac on input line 213.
\uproot@=\count165
\leftroot@=\count166
LaTeX Info: Redefining \overline on input line 375.
\classnum@=\count167
\DOTSCASE@=\count168
LaTeX Info: Redefining \ldots on input line 472.
LaTeX Info: Redefining \dots on input line 475.
LaTeX Info: Redefining \cdots on input line 596.
\Mathstrutbox@=\box66
\strutbox@=\box67
\big@size=\dimen172
LaTeX Font Info:    Redeclaring font encoding OML on input line 712.
LaTeX Font Info:    Redeclaring font encoding OMS on input line 713.
\macc@depth=\count169
\c@MaxMatrixCols=\count170
\dotsspace@=\muskip11
\c@parentequation=\count171
\dspbrk@lvl=\count172
\tag@help=\toks34
\row@=\count173
\column@=\count174
\maxfields@=\count175
\andhelp@=\toks35
\eqnshift@=\dimen173
\alignsep@=\dimen174
\tagshift@=\dimen175
\tagwidth@=\dimen176
\totwidth@=\dimen177
\lineht@=\dimen178
\@envbody=\toks36
\multlinegap=\skip60
\multlinetaggap=\skip61
\mathdisplay@stack=\toks37
LaTeX Info: Redefining \[ on input line 2817.
LaTeX Info: Redefining \] on input line 2818.
)
("C:\Users\dgatl_000\AppData\Local\Programs\MiKTeX 2.9.6\tex\latex\commath\comm
ath.sty")
("C:\Users\dgatl_000\AppData\Local\Programs\MiKTeX 2.9.6\tex\latex\base\textcom
p.sty"
Package: textcomp 2017/04/05 v2.0i Standard LaTeX package
Package textcomp Info: Sub-encoding information:
(textcomp)               5 = only ISO-Adobe without \textcurrency
(textcomp)               4 = 5 + \texteuro
(textcomp)               3 = 4 + \textohm
(textcomp)               2 = 3 + \textestimated + \textcurrency
(textcomp)               1 = TS1 - \textcircled - \t
(textcomp)               0 = TS1 (full)
(textcomp)             Font families with sub-encoding setting implement
(textcomp)             only a restricted character set as indicated.
(textcomp)             Family '?' is the default used for unknown fonts.
(textcomp)             See the documentation for details.
Package textcomp Info: Setting ? sub-encoding to TS1/1 on input line 79.

("C:\Users\dgatl_000\AppData\Local\Programs\MiKTeX 2.9.6\tex\latex\base\ts1enc.
def"
File: ts1enc.def 2001/06/05 v3.0e (jk/car/fm) Standard LaTeX file
Now handling font encoding TS1 ...
... processing UTF-8 mapping file for font encoding TS1

("C:\Users\dgatl_000\AppData\Local\Programs\MiKTeX 2.9.6\tex\latex\base\ts1enc.
dfu"
File: ts1enc.dfu 2018/04/05 v1.2c UTF-8 support for inputenc
   defining Unicode char U+00A2 (decimal 162)
   defining Unicode char U+00A3 (decimal 163)
   defining Unicode char U+00A4 (decimal 164)
   defining Unicode char U+00A5 (decimal 165)
   defining Unicode char U+00A6 (decimal 166)
   defining Unicode char U+00A7 (decimal 167)
   defining Unicode char U+00A8 (decimal 168)
   defining Unicode char U+00A9 (decimal 169)
   defining Unicode char U+00AA (decimal 170)
   defining Unicode char U+00AC (decimal 172)
   defining Unicode char U+00AE (decimal 174)
   defining Unicode char U+00AF (decimal 175)
   defining Unicode char U+00B0 (decimal 176)
   defining Unicode char U+00B1 (decimal 177)
   defining Unicode char U+00B2 (decimal 178)
   defining Unicode char U+00B3 (decimal 179)
   defining Unicode char U+00B4 (decimal 180)
   defining Unicode char U+00B5 (decimal 181)
   defining Unicode char U+00B6 (decimal 182)
   defining Unicode char U+00B7 (decimal 183)
   defining Unicode char U+00B9 (decimal 185)
   defining Unicode char U+00BA (decimal 186)
   defining Unicode char U+00BC (decimal 188)
   defining Unicode char U+00BD (decimal 189)
   defining Unicode char U+00BE (decimal 190)
   defining Unicode char U+00D7 (decimal 215)
   defining Unicode char U+00F7 (decimal 247)
   defining Unicode char U+0192 (decimal 402)
   defining Unicode char U+02C7 (decimal 711)
   defining Unicode char U+02D8 (decimal 728)
   defining Unicode char U+02DD (decimal 733)
   defining Unicode char U+0E3F (decimal 3647)
   defining Unicode char U+2016 (decimal 8214)
   defining Unicode char U+2020 (decimal 8224)
   defining Unicode char U+2021 (decimal 8225)
   defining Unicode char U+2022 (decimal 8226)
   defining Unicode char U+2030 (decimal 8240)
   defining Unicode char U+2031 (decimal 8241)
   defining Unicode char U+203B (decimal 8251)
   defining Unicode char U+203D (decimal 8253)
   defining Unicode char U+2044 (decimal 8260)
   defining Unicode char U+204E (decimal 8270)
   defining Unicode char U+2052 (decimal 8274)
   defining Unicode char U+20A1 (decimal 8353)
   defining Unicode char U+20A4 (decimal 8356)
   defining Unicode char U+20A6 (decimal 8358)
   defining Unicode char U+20A9 (decimal 8361)
   defining Unicode char U+20AB (decimal 8363)
   defining Unicode char U+20AC (decimal 8364)
   defining Unicode char U+20B1 (decimal 8369)
   defining Unicode char U+2103 (decimal 8451)
   defining Unicode char U+2116 (decimal 8470)
   defining Unicode char U+2117 (decimal 8471)
   defining Unicode char U+211E (decimal 8478)
   defining Unicode char U+2120 (decimal 8480)
   defining Unicode char U+2122 (decimal 8482)
   defining Unicode char U+2126 (decimal 8486)
   defining Unicode char U+2127 (decimal 8487)
   defining Unicode char U+212E (decimal 8494)
   defining Unicode char U+2190 (decimal 8592)
   defining Unicode char U+2191 (decimal 8593)
   defining Unicode char U+2192 (decimal 8594)
   defining Unicode char U+2193 (decimal 8595)
   defining Unicode char U+2329 (decimal 9001)
   defining Unicode char U+232A (decimal 9002)
   defining Unicode char U+2422 (decimal 9250)
   defining Unicode char U+25E6 (decimal 9702)
   defining Unicode char U+25EF (decimal 9711)
   defining Unicode char U+266A (decimal 9834)
   defining Unicode char U+FEFF (decimal 65279)
))
LaTeX Info: Redefining \oldstylenums on input line 334.
Package textcomp Info: Setting cmr sub-encoding to TS1/0 on input line 349.
Package textcomp Info: Setting cmss sub-encoding to TS1/0 on input line 350.
Package textcomp Info: Setting cmtt sub-encoding to TS1/0 on input line 351.
Package textcomp Info: Setting cmvtt sub-encoding to TS1/0 on input line 352.
Package textcomp Info: Setting cmbr sub-encoding to TS1/0 on input line 353.
Package textcomp Info: Setting cmtl sub-encoding to TS1/0 on input line 354.
Package textcomp Info: Setting ccr sub-encoding to TS1/0 on input line 355.
Package textcomp Info: Setting ptm sub-encoding to TS1/4 on input line 356.
Package textcomp Info: Setting pcr sub-encoding to TS1/4 on input line 357.
Package textcomp Info: Setting phv sub-encoding to TS1/4 on input line 358.
Package textcomp Info: Setting ppl sub-encoding to TS1/3 on input line 359.
Package textcomp Info: Setting pag sub-encoding to TS1/4 on input line 360.
Package textcomp Info: Setting pbk sub-encoding to TS1/4 on input line 361.
Package textcomp Info: Setting pnc sub-encoding to TS1/4 on input line 362.
Package textcomp Info: Setting pzc sub-encoding to TS1/4 on input line 363.
Package textcomp Info: Setting bch sub-encoding to TS1/4 on input line 364.
Package textcomp Info: Setting put sub-encoding to TS1/5 on input line 365.
Package textcomp Info: Setting uag sub-encoding to TS1/5 on input line 366.
Package textcomp Info: Setting ugq sub-encoding to TS1/5 on input line 367.
Package textcomp Info: Setting ul8 sub-encoding to TS1/4 on input line 368.
Package textcomp Info: Setting ul9 sub-encoding to TS1/4 on input line 369.
Package textcomp Info: Setting augie sub-encoding to TS1/5 on input line 370.
Package textcomp Info: Setting dayrom sub-encoding to TS1/3 on input line 371.
Package textcomp Info: Setting dayroms sub-encoding to TS1/3 on input line 372.

Package textcomp Info: Setting pxr sub-encoding to TS1/0 on input line 373.
Package textcomp Info: Setting pxss sub-encoding to TS1/0 on input line 374.
Package textcomp Info: Setting pxtt sub-encoding to TS1/0 on input line 375.
Package textcomp Info: Setting txr sub-encoding to TS1/0 on input line 376.
Package textcomp Info: Setting txss sub-encoding to TS1/0 on input line 377.
Package textcomp Info: Setting txtt sub-encoding to TS1/0 on input line 378.
Package textcomp Info: Setting lmr sub-encoding to TS1/0 on input line 379.
Package textcomp Info: Setting lmdh sub-encoding to TS1/0 on input line 380.
Package textcomp Info: Setting lmss sub-encoding to TS1/0 on input line 381.
Package textcomp Info: Setting lmssq sub-encoding to TS1/0 on input line 382.
Package textcomp Info: Setting lmvtt sub-encoding to TS1/0 on input line 383.
Package textcomp Info: Setting lmtt sub-encoding to TS1/0 on input line 384.
Package textcomp Info: Setting qhv sub-encoding to TS1/0 on input line 385.
Package textcomp Info: Setting qag sub-encoding to TS1/0 on input line 386.
Package textcomp Info: Setting qbk sub-encoding to TS1/0 on input line 387.
Package textcomp Info: Setting qcr sub-encoding to TS1/0 on input line 388.
Package textcomp Info: Setting qcs sub-encoding to TS1/0 on input line 389.
Package textcomp Info: Setting qpl sub-encoding to TS1/0 on input line 390.
Package textcomp Info: Setting qtm sub-encoding to TS1/0 on input line 391.
Package textcomp Info: Setting qzc sub-encoding to TS1/0 on input line 392.
Package textcomp Info: Setting qhvc sub-encoding to TS1/0 on input line 393.
Package textcomp Info: Setting futs sub-encoding to TS1/4 on input line 394.
Package textcomp Info: Setting futx sub-encoding to TS1/4 on input line 395.
Package textcomp Info: Setting futj sub-encoding to TS1/4 on input line 396.
Package textcomp Info: Setting hlh sub-encoding to TS1/3 on input line 397.
Package textcomp Info: Setting hls sub-encoding to TS1/3 on input line 398.
Package textcomp Info: Setting hlst sub-encoding to TS1/3 on input line 399.
Package textcomp Info: Setting hlct sub-encoding to TS1/5 on input line 400.
Package textcomp Info: Setting hlx sub-encoding to TS1/5 on input line 401.
Package textcomp Info: Setting hlce sub-encoding to TS1/5 on input line 402.
Package textcomp Info: Setting hlcn sub-encoding to TS1/5 on input line 403.
Package textcomp Info: Setting hlcw sub-encoding to TS1/5 on input line 404.
Package textcomp Info: Setting hlcf sub-encoding to TS1/5 on input line 405.
Package textcomp Info: Setting pplx sub-encoding to TS1/3 on input line 406.
Package textcomp Info: Setting pplj sub-encoding to TS1/3 on input line 407.
Package textcomp Info: Setting ptmx sub-encoding to TS1/4 on input line 408.
Package textcomp Info: Setting ptmj sub-encoding to TS1/4 on input line 409.
)
("C:\Users\dgatl_000\AppData\Local\Programs\MiKTeX 2.9.6\tex\latex\siunitx\siun
itx.sty"
("C:\Users\dgatl_000\AppData\Local\Programs\MiKTeX 2.9.6\tex\latex\l3kernel\exp
l3.sty"
Package: expl3 2018-10-31 L3 programming layer (loader) 

("C:\Users\dgatl_000\AppData\Local\Programs\MiKTeX 2.9.6\tex\latex\l3kernel\exp
l3-code.tex"
Package: expl3 2018-10-31 L3 programming layer (code)
\c_max_int=\count176
\l_tmpa_int=\count177
\l_tmpb_int=\count178
\g_tmpa_int=\count179
\g_tmpb_int=\count180
\g__kernel_prg_map_int=\count181
\c_log_iow=\count182
\l_iow_line_count_int=\count183
\l__iow_line_target_int=\count184
\l__iow_one_indent_int=\count185
\l__iow_indent_int=\count186
\c_zero_dim=\dimen179
\c_max_dim=\dimen180
\l_tmpa_dim=\dimen181
\l_tmpb_dim=\dimen182
\g_tmpa_dim=\dimen183
\g_tmpb_dim=\dimen184
\c_zero_skip=\skip62
\c_max_skip=\skip63
\l_tmpa_skip=\skip64
\l_tmpb_skip=\skip65
\g_tmpa_skip=\skip66
\g_tmpb_skip=\skip67
\c_zero_muskip=\muskip12
\c_max_muskip=\muskip13
\l_tmpa_muskip=\muskip14
\l_tmpb_muskip=\muskip15
\g_tmpa_muskip=\muskip16
\g_tmpb_muskip=\muskip17
\l_keys_choice_int=\count187
\l__intarray_loop_int=\count188
\c__intarray_sp_dim=\dimen185
\g__intarray_font_int=\count189
\c__fp_leading_shift_int=\count190
\c__fp_middle_shift_int=\count191
\c__fp_trailing_shift_int=\count192
\c__fp_big_leading_shift_int=\count193
\c__fp_big_middle_shift_int=\count194
\c__fp_big_trailing_shift_int=\count195
\c__fp_Bigg_leading_shift_int=\count196
\c__fp_Bigg_middle_shift_int=\count197
\c__fp_Bigg_trailing_shift_int=\count198
\c__kernel_randint_max_int=\count199
\g__fp_array_int=\count266
\l__fp_array_loop_int=\count267
\l__sort_length_int=\count268
\l__sort_min_int=\count269
\l__sort_top_int=\count270
\l__sort_max_int=\count271
\l__sort_true_max_int=\count272
\l__sort_block_int=\count273
\l__sort_begin_int=\count274
\l__sort_end_int=\count275
\l__sort_A_int=\count276
\l__sort_B_int=\count277
\l__sort_C_int=\count278
\l__tl_analysis_normal_int=\count279
\l__tl_analysis_index_int=\count280
\l__tl_analysis_nesting_int=\count281
\l__tl_analysis_type_int=\count282
\l__regex_internal_a_int=\count283
\l__regex_internal_b_int=\count284
\l__regex_internal_c_int=\count285
\l__regex_balance_int=\count286
\l__regex_group_level_int=\count287
\l__regex_mode_int=\count288
\c__regex_cs_in_class_mode_int=\count289
\c__regex_cs_mode_int=\count290
\l__regex_catcodes_int=\count291
\l__regex_default_catcodes_int=\count292
\c__regex_catcode_D_int=\count293
\c__regex_catcode_S_int=\count294
\c__regex_catcode_L_int=\count295
\c__regex_catcode_O_int=\count296
\c__regex_catcode_A_int=\count297
\c__regex_all_catcodes_int=\count298
\l__regex_show_lines_int=\count299
\l__regex_min_state_int=\count300
\l__regex_max_state_int=\count301
\l__regex_left_state_int=\count302
\l__regex_right_state_int=\count303
\l__regex_capturing_group_int=\count304
\l__regex_min_pos_int=\count305
\l__regex_max_pos_int=\count306
\l__regex_curr_pos_int=\count307
\l__regex_start_pos_int=\count308
\l__regex_success_pos_int=\count309
\l__regex_curr_char_int=\count310
\l__regex_curr_catcode_int=\count311
\l__regex_last_char_int=\count312
\l__regex_case_changed_char_int=\count313
\l__regex_curr_state_int=\count314
\l__regex_step_int=\count315
\l__regex_min_active_int=\count316
\l__regex_max_active_int=\count317
\l__regex_replacement_csnames_int=\count318
\l__regex_match_count_int=\count319
\l__regex_min_submatch_int=\count320
\l__regex_submatch_int=\count321
\l__regex_zeroth_submatch_int=\count322
\g__regex_trace_regex_int=\count323
\c_empty_box=\box68
\l_tmpa_box=\box69
\l_tmpb_box=\box70
\g_tmpa_box=\box71
\g_tmpb_box=\box72
\l__box_top_dim=\dimen186
\l__box_bottom_dim=\dimen187
\l__box_left_dim=\dimen188
\l__box_right_dim=\dimen189
\l__box_top_new_dim=\dimen190
\l__box_bottom_new_dim=\dimen191
\l__box_left_new_dim=\dimen192
\l__box_right_new_dim=\dimen193
\l__box_internal_box=\box73
\l__coffin_internal_box=\box74
\l__coffin_internal_dim=\dimen194
\l__coffin_offset_x_dim=\dimen195
\l__coffin_offset_y_dim=\dimen196
\l__coffin_x_dim=\dimen197
\l__coffin_y_dim=\dimen198
\l__coffin_x_prime_dim=\dimen199
\l__coffin_y_prime_dim=\dimen256
\c_empty_coffin=\box75
\l__coffin_aligned_coffin=\box76
\l__coffin_aligned_internal_coffin=\box77
\l_tmpa_coffin=\box78
\l_tmpb_coffin=\box79
\l__coffin_display_coffin=\box80
\l__coffin_display_coord_coffin=\box81
\l__coffin_display_pole_coffin=\box82
\l__coffin_display_offset_dim=\dimen257
\l__coffin_display_x_dim=\dimen258
\l__coffin_display_y_dim=\dimen259
\g__file_internal_ior=\read2
\l__coffin_bounding_shift_dim=\dimen260
\l__coffin_left_corner_dim=\dimen261
\l__coffin_right_corner_dim=\dimen262
\l__coffin_bottom_corner_dim=\dimen263
\l__coffin_top_corner_dim=\dimen264
\l__coffin_scaled_total_height_dim=\dimen265
\l__coffin_scaled_width_dim=\dimen266
\l__seq_internal_a_int=\count324
\l__seq_internal_b_int=\count325
)
("C:\Users\dgatl_000\AppData\Local\Programs\MiKTeX 2.9.6\tex\latex\l3kernel\l3p
dfmode.def"
File: l3pdfmode.def 2018-10-31 v L3 Experimental driver: PDF mode
\l__driver_color_stack_int=\count326
))
("C:\Users\dgatl_000\AppData\Local\Programs\MiKTeX 2.9.6\tex\latex\l3packages\x
parse\xparse.sty"
Package: xparse 2018-10-17 L3 Experimental document command parser
\l__xparse_current_arg_int=\count327
\g__xparse_grabber_int=\count328
\l__xparse_m_args_int=\count329
\l__xparse_mandatory_args_int=\count330
\l__xparse_v_nesting_int=\count331
)
Package: siunitx 2018/05/17 v2.7s A comprehensive (SI) units package

("C:\Users\dgatl_000\AppData\Local\Programs\MiKTeX 2.9.6\tex\latex\tools\array.
sty"
Package: array 2018/04/30 v2.4h Tabular extension package (FMi)
\col@sep=\dimen267
\ar@mcellbox=\box83
\extrarowheight=\dimen268
\NC@list=\toks38
\extratabsurround=\skip68
\backup@length=\skip69
\ar@cellbox=\box84
)
("C:\Users\dgatl_000\AppData\Local\Programs\MiKTeX 2.9.6\tex\latex\l3packages\l
3keys2e\l3keys2e.sty"
Package: l3keys2e 2018-10-17 LaTeX2e option processing using LaTeX3 keys
)
\l__siunitx_tmp_box=\box85
\l__siunitx_tmp_dim=\dimen269
\l__siunitx_tmp_int=\count332
\l__siunitx_number_mantissa_length_int=\count333
\l__siunitx_number_uncert_length_int=\count334
\l__siunitx_round_int=\count335
\l__siunitx_process_decimal_int=\count336
\l__siunitx_process_uncertainty_int=\count337
\l__siunitx_process_fixed_int=\count338
\l__siunitx_process_integer_min_int=\count339
\l__siunitx_process_precision_int=\count340
\l__siunitx_group_min_int=\count341
\l__siunitx_angle_marker_box=\box86
\l__siunitx_angle_unit_box=\box87
\l__siunitx_angle_marker_dim=\dimen270
\l__siunitx_angle_unit_dim=\dimen271
\l__siunitx_unit_int=\count342
\l__siunitx_unit_denominator_int=\count343
\l__siunitx_unit_numerator_int=\count344
\l__siunitx_unit_prefix_int=\count345
\l__siunitx_unit_prefix_base_int=\count346
\l__siunitx_unit_prefix_gram_int=\count347
\l__siunitx_number_product_int=\count348
\c__siunitx_one_fill_skip=\skip70
\l__siunitx_table_unit_align_skip=\skip71
\l__siunitx_table_exponent_dim=\dimen272
\l__siunitx_table_integer_dim=\dimen273
\l__siunitx_table_mantissa_dim=\dimen274
\l__siunitx_table_marker_dim=\dimen275
\l__siunitx_table_result_dim=\dimen276
\l__siunitx_table_uncert_dim=\dimen277
\l__siunitx_table_fill_pre_dim=\dimen278
\l__siunitx_table_fill_post_dim=\dimen279
\l__siunitx_table_fill_mid_dim=\dimen280
\l__siunitx_table_pre_box=\box88
\l__siunitx_table_post_box=\box89
\l__siunitx_table_mantissa_box=\box90
\l__siunitx_table_result_box=\box91
\l__siunitx_table_number_align_skip=\skip72
\l__siunitx_table_text_align_skip=\skip73

("C:\Users\dgatl_000\AppData\Local\Programs\MiKTeX 2.9.6\tex\latex\translator\t
ranslator.sty"
Package: translator 2018/01/04 v1.12 Easy translation of strings in LaTeX
)) (macros.tex)
Putting page number on short ToC
Putting page number on short LoF
Putting page number on short LoT
(honors_thesis.aux)
\openout1 = `honors_thesis.aux'.

LaTeX Font Info:    Checking defaults for OML/cmm/m/it on input line 150.
LaTeX Font Info:    ... okay on input line 150.
LaTeX Font Info:    Checking defaults for T1/cmr/m/n on input line 150.
LaTeX Font Info:    ... okay on input line 150.
LaTeX Font Info:    Checking defaults for OT1/cmr/m/n on input line 150.
LaTeX Font Info:    ... okay on input line 150.
LaTeX Font Info:    Checking defaults for OMS/cmsy/m/n on input line 150.
LaTeX Font Info:    ... okay on input line 150.
LaTeX Font Info:    Checking defaults for OMX/cmex/m/n on input line 150.
LaTeX Font Info:    ... okay on input line 150.
LaTeX Font Info:    Checking defaults for U/cmr/m/n on input line 150.
LaTeX Font Info:    ... okay on input line 150.
LaTeX Font Info:    Checking defaults for PD1/pdf/m/n on input line 150.
LaTeX Font Info:    ... okay on input line 150.
LaTeX Font Info:    Checking defaults for TS1/cmr/m/n on input line 150.
LaTeX Font Info:    Try loading font information for TS1+cmr on input line 150.


("C:\Users\dgatl_000\AppData\Local\Programs\MiKTeX 2.9.6\tex\latex\base\ts1cmr.
fd"
File: ts1cmr.fd 2014/09/29 v2.5h Standard LaTeX font definitions
)
LaTeX Font Info:    ... okay on input line 150.

("C:\Users\dgatl_000\AppData\Local\Programs\MiKTeX 2.9.6\tex\context\base\supp-
pdf.mkii"
[Loading MPS to PDF converter (version 2006.09.02).]
\scratchcounter=\count349
\scratchdimen=\dimen281
\scratchbox=\box92
\nofMPsegments=\count350
\nofMParguments=\count351
\everyMPshowfont=\toks39
\MPscratchCnt=\count352
\MPscratchDim=\dimen282
\MPnumerator=\count353
\makeMPintoPDFobject=\count354
\everyMPtoPDFconversion=\toks40
)
("C:\Users\dgatl_000\AppData\Local\Programs\MiKTeX 2.9.6\tex\latex\oberdiek\eps
topdf-base.sty"
Package: epstopdf-base 2016/05/15 v2.6 Base part for package epstopdf

("C:\Users\dgatl_000\AppData\Local\Programs\MiKTeX 2.9.6\tex\latex\oberdiek\grf
ext.sty"
Package: grfext 2016/05/16 v1.2 Manage graphics extensions (HO)
)
Package epstopdf-base Info: Redefining graphics rule for `.eps' on input line 4
38.
Package grfext Info: Graphics extension search list:
(grfext)             [.pdf,.png,.jpg,.mps,.jpeg,.jbig2,.jb2,.PDF,.PNG,.JPG,.JPE
G,.JBIG2,.JB2,.eps]
(grfext)             \AppendGraphicsExtensions on input line 456.
)
\AtBeginShipoutBox=\box93
Package hyperref Info: Link coloring OFF on input line 150.

("C:\Users\dgatl_000\AppData\Local\Programs\MiKTeX 2.9.6\tex\latex\hyperref\nam
eref.sty"
Package: nameref 2016/05/21 v2.44 Cross-referencing by name of section

("C:\Users\dgatl_000\AppData\Local\Programs\MiKTeX 2.9.6\tex\generic\oberdiek\g
ettitlestring.sty"
Package: gettitlestring 2016/05/16 v1.5 Cleanup title references (HO)
)
\c@section@level=\count355
)
LaTeX Info: Redefining \ref on input line 150.
LaTeX Info: Redefining \pageref on input line 150.
LaTeX Info: Redefining \nameref on input line 150.
 (honors_thesis.out) (honors_thesis.out)
\@outlinefile=\write4
\openout4 = `honors_thesis.out'.


("C:\Users\dgatl_000\AppData\Local\Programs\MiKTeX 2.9.6\tex\latex\fmtcount\fc-
english.def"
File: fc-english.def 2016/01/12
) ABD: EveryShipout initializing macros
("C:\Users\dgatl_000\AppData\Local\Programs\MiKTeX 2.9.6\tex\latex\translator\t
ranslator-basic-dictionary-English.dict"
Dictionary: translator-basic-dictionary, Language: English 
)
("C:\Users\dgatl_000\AppData\Local\Programs\MiKTeX 2.9.6\tex\latex\siunitx\siun
itx-abbreviations.cfg"
File: siunitx-abbreviations.cfg 2017/11/26 v2.7k siunitx: Abbreviated units
)
Making Title Page
LaTeX Font Info:    Try loading font information for U+msa on input line 150.

("C:\Users\dgatl_000\AppData\Local\Programs\MiKTeX 2.9.6\tex\latex\amsfonts\ums
a.fd"
File: umsa.fd 2013/01/14 v3.01 AMS symbols A
)
LaTeX Font Info:    Try loading font information for U+msb on input line 150.

("C:\Users\dgatl_000\AppData\Local\Programs\MiKTeX 2.9.6\tex\latex\amsfonts\ums
b.fd"
File: umsb.fd 2013/01/14 v3.01 AMS symbols B
)
Overfull \hbox (19.18013pt too wide) in paragraph at lines 150--150
 [][] 
 []

Making Approval Page
[1


{C:/Users/dgatl_000/AppData/Local/MiKTeX/2.9/pdftex/config/pdftex.map}]
Making Abstract Page
[2

] [3

]
Making Dedication Page
[4]
centered
Making Acknowledgement Page
[5


]
centered
Making ToC Page
Making Short ToC...
[6


]
centered
Short Chapter (page numbered)
(honors_thesis.toc)
\tf@toc=\write5
\openout5 = `honors_thesis.toc'.


Making LoT Page
Making Short LoT...
[7

]
centered
Short Chapter (page numbered)
(honors_thesis.lot)
\tf@lot=\write6
\openout6 = `honors_thesis.lot'.


Making LoF Page
Making Short LoF...
[8

]
centered
Short Chapter (page numbered)
(honors_thesis.lof)
\tf@lof=\write7
\openout7 = `honors_thesis.lof'.




-------------------Beginning Body----------------------


[9

] (intro/introduction.tex
 \th@ChapterStyle\th@DoChapCenterChapter \th@ChapterStyle 1.
centered
[1


] [2]) (background/background.tex [3]
 \th@ChapterStyle\th@DoChapCenterChapter \th@ChapterStyle 2.
centered
[4

] [5] [6]
<background/inclination_diagram.png, id=219, 361.35pt x 289.08pt>
File: background/inclination_diagram.png Graphic file (type png)
<use background/inclination_diagram.png>
Package pdftex.def Info: background/inclination_diagram.png  used on input line
 147.
(pdftex.def)             Requested size: 361.34999pt x 289.0837pt.
<background/phase_diagram.png, id=221, 361.35pt x 375.804pt>
File: background/phase_diagram.png Graphic file (type png)
<use background/phase_diagram.png>
Package pdftex.def Info: background/phase_diagram.png  used on input line 161.
(pdftex.def)             Requested size: 361.34999pt x 375.8088pt.
 [7]
<background/longitude_diagram.png, id=229, 462.528pt x 433.62pt>
File: background/longitude_diagram.png Graphic file (type png)
<use background/longitude_diagram.png>
Package pdftex.def Info: background/longitude_diagram.png  used on input line 2
03.
(pdftex.def)             Requested size: 361.34999pt x 338.78464pt.
) (models/models.tex [8] [9] [10 <./background/inclination_diagram.png>] [11 <.
/background/phase_diagram.png>] [12 <./background/longitude_diagram.png>]
 \th@ChapterStyle\th@DoChapCenterChapter \th@ChapterStyle 3.
centered
[13

] [14] [15] [16]
<models/surfacet_co2.png, id=304, 578.16pt x 433.62pt>
File: models/surfacet_co2.png Graphic file (type png)
<use models/surfacet_co2.png>
Package pdftex.def Info: models/surfacet_co2.png  used on input line 152.
(pdftex.def)             Requested size: 469.75499pt x 352.31538pt.
<models/surfacet_n2.png, id=311, 578.16pt x 433.62pt>
File: models/surfacet_n2.png Graphic file (type png)
<use models/surfacet_n2.png>
Package pdftex.def Info: models/surfacet_n2.png  used on input line 167.
(pdftex.def)             Requested size: 469.75499pt x 352.31538pt.
 [17] [18 <./models/surfacet_co2.png>] [19 <./models/surfacet_n2.png>]
<models/cloud_map.png, id=344, 578.16pt x 433.62pt>
File: models/cloud_map.png Graphic file (type png)
<use models/cloud_map.png>
Package pdftex.def Info: models/cloud_map.png  used on input line 224.
(pdftex.def)             Requested size: 469.75499pt x 352.31538pt.
<models/slow_rotator_cloud_map.png, id=345, 578.16pt x 433.62pt>
File: models/slow_rotator_cloud_map.png Graphic file (type png)
<use models/slow_rotator_cloud_map.png>
Package pdftex.def Info: models/slow_rotator_cloud_map.png  used on input line 
240.
(pdftex.def)             Requested size: 469.75499pt x 352.31538pt.
<models/precipitation_map.png, id=348, 578.16pt x 433.62pt>
File: models/precipitation_map.png Graphic file (type png)
<use models/precipitation_map.png>
Package pdftex.def Info: models/precipitation_map.png  used on input line 256.
(pdftex.def)             Requested size: 469.75499pt x 352.31538pt.
 [20] [21 <./models/cloud_map.png>] [22 <./models/slow_rotator_cloud_map.png>] 
[23 <./models/precipitation_map.png>]
<models/atmosphere_profile.png, id=378, 722.7pt x 433.62pt>
File: models/atmosphere_profile.png Graphic file (type png)
<use models/atmosphere_profile.png>
Package pdftex.def Info: models/atmosphere_profile.png  used on input line 299.

(pdftex.def)             Requested size: 469.75499pt x 281.85628pt.
) (methods/methods.tex [24]
[25 <./models/atmosphere_profile.png>]
 \th@ChapterStyle\th@DoChapCenterChapter \th@ChapterStyle 4.
centered
[26

] [27]
<methods/phases_weights.png, id=414, 505.89pt x 505.89pt>
File: methods/phases_weights.png Graphic file (type png)
<use methods/phases_weights.png>
Package pdftex.def Info: methods/phases_weights.png  used on input line 132.
(pdftex.def)             Requested size: 469.75499pt x 469.76265pt.
<methods/transit_weights.png, id=417, 505.89pt x 289.08pt>
File: methods/transit_weights.png Graphic file (type png)
<use methods/transit_weights.png>
Package pdftex.def Info: methods/transit_weights.png  used on input line 149.
(pdftex.def)             Requested size: 469.75499pt x 268.43579pt.
 [28]
Underfull \hbox (badness 10000) in paragraph at lines 187--189

 []

[29]
Overfull \hbox (8.40332pt too wide) in paragraph at lines 218--228
[]\OT1/cmr/m/n/10.95 The PSG can pro-duce a va-ri-ety of out-puts, the most fun
-da-men-tal of which are $[]$
 []

) (spectra/spectra.tex [30] [31] [32 <./methods/phases_weights.png>] [33 <./met
hods/transit_weights.png>]
 \th@ChapterStyle\th@DoChapCenterChapter \th@ChapterStyle 5.
centered
[34

]
<spectra/miri_nirspec_depth.png, id=471, 578.16pt x 433.62pt>
File: spectra/miri_nirspec_depth.png Graphic file (type png)
<use spectra/miri_nirspec_depth.png>
Package pdftex.def Info: spectra/miri_nirspec_depth.png  used on input line 53.

(pdftex.def)             Requested size: 469.75499pt x 352.31538pt.
 [35]
<spectra/nirmiri_without_species.png, id=479, 433.62pt x 578.16pt>
File: spectra/nirmiri_without_species.png Graphic file (type png)
<use spectra/nirmiri_without_species.png>
Package pdftex.def Info: spectra/nirmiri_without_species.png  used on input lin
e 99.
(pdftex.def)             Requested size: 375.80542pt x 501.0984pt.
 [36] [37]
<./spectra/depth_from_temp.png, id=500, 433.62pt x 578.16pt>
File: ./spectra/depth_from_temp.png Graphic file (type png)
<use ./spectra/depth_from_temp.png>
Package pdftex.def Info: ./spectra/depth_from_temp.png  used on input line 274.

(pdftex.def)             Requested size: 375.80542pt x 501.0984pt.
) (tpc/thermal_phase_curves.tex [38] [39] [40] [41 <./spectra/miri_nirspec_dept
h.png>] [42 <./spectra/nirmiri_without_species.png>]
[43 <./spectra/depth_from_temp.png>]
 \th@ChapterStyle\th@DoChapCenterChapter \th@ChapterStyle 6.
centered
[44

]
<tpc/tpc_max_diff.png, id=537, 578.16pt x 433.62pt>
File: tpc/tpc_max_diff.png Graphic file (type png)
<use tpc/tpc_max_diff.png>
Package pdftex.def Info: tpc/tpc_max_diff.png  used on input line 38.
(pdftex.def)             Requested size: 469.75499pt x 352.31538pt.
<tpc/thermal_phase_curve.png, id=540, 578.16pt x 433.62pt>
File: tpc/thermal_phase_curve.png Graphic file (type png)
<use tpc/thermal_phase_curve.png>
Package pdftex.def Info: tpc/thermal_phase_curve.png  used on input line 68.
(pdftex.def)             Requested size: 469.75499pt x 352.31538pt.
 [45]) (conclusion/conclusion.tex [46] [47 <./tpc/tpc_max_diff.png>]
[48 <./tpc/thermal_phase_curve.png>]
 \th@ChapterStyle\th@DoChapCenterChapter \th@ChapterStyle 7.
centered
[49

]) [50] (honors_thesis.bbl [51]
centered
[52

]) (appendix.tex [53]
 \th@ChapterStyle\th@DoChapCenterAppendix \th@ChapterStyle A.
centered
)
Overfull \hbox (1.76279pt too wide) in paragraph at lines 9--168
\OT1/cmr/m/n/10.95 mod-els pro-duced by Eric Wolf, which are also pub-licly ava
il-able at []$\OT1/cmtt/m/n/10.95 https : / / archive . org / details /
 []

[54

]
Package atveryend Info: Empty hook `BeforeClearDocument' on input line 169.
Package atveryend Info: Empty hook `AfterLastShipout' on input line 169.
 (honors_thesis.aux)
Package atveryend Info: Executing hook `AtVeryEndDocument' on input line 169.
Package atveryend Info: Executing hook `AtEndAfterFileList' on input line 169.
Package rerunfilecheck Info: File `honors_thesis.out' has not changed.
(rerunfilecheck)             Checksum: 15E3CBB678E9320761FBA5B3AF494507;463.
Package atveryend Info: Empty hook `AtVeryVeryEnd' on input line 169.
 ) 
Here is how much of TeX's memory you used:
 30605 strings out of 492970
 600629 string characters out of 3123936
 648871 words of memory out of 3000000
 33867 multiletter control sequences out of 15000+200000
 544726 words of font info for 70 fonts, out of 3000000 for 9000
 1141 hyphenation exceptions out of 8191
 62i,13n,63p,1126b,1031s stack positions out of 5000i,500n,10000p,200000b,50000s
 <C:\Users\dgatl_000\AppData\Local\MiKTeX\2.9\fonts\pk\ljfour\jknappen\ec\dpi
600\tcrm0800.pk> <C:\Users\dgatl_000\AppData\Local\MiKTeX\2.9\fonts\pk\ljfour\j
knappen\ec\dpi600\tcrm1095.pk><C:/Users/dgatl_000/AppData/Local/Programs/MiKTeX
 2.9.6/fonts/type1/public/amsfonts/cm/cmbx10.pfb><C:/Users/dgatl_000/AppData/Lo
cal/Programs/MiKTeX 2.9.6/fonts/type1/public/amsfonts/cm/cmbx12.pfb><C:/Users/d
gatl_000/AppData/Local/Programs/MiKTeX 2.9.6/fonts/type1/public/amsfonts/cm/cmb
x8.pfb><C:/Users/dgatl_000/AppData/Local/Programs/MiKTeX 2.9.6/fonts/type1/publ
ic/amsfonts/cm/cmex10.pfb><C:/Users/dgatl_000/AppData/Local/Programs/MiKTeX 2.9
.6/fonts/type1/public/amsfonts/cm/cmmi10.pfb><C:/Users/dgatl_000/AppData/Local/
Programs/MiKTeX 2.9.6/fonts/type1/public/amsfonts/cm/cmmi8.pfb><C:/Users/dgatl_
000/AppData/Local/Programs/MiKTeX 2.9.6/fonts/type1/public/amsfonts/cm/cmr10.pf
b><C:/Users/dgatl_000/AppData/Local/Programs/MiKTeX 2.9.6/fonts/type1/public/am
sfonts/cm/cmr6.pfb><C:/Users/dgatl_000/AppData/Local/Programs/MiKTeX 2.9.6/font
s/type1/public/amsfonts/cm/cmr8.pfb><C:/Users/dgatl_000/AppData/Local/Programs/
MiKTeX 2.9.6/fonts/type1/public/amsfonts/cm/cmsy10.pfb><C:/Users/dgatl_000/AppD
ata/Local/Programs/MiKTeX 2.9.6/fonts/type1/public/amsfonts/cm/cmsy8.pfb><C:/Us
ers/dgatl_000/AppData/Local/Programs/MiKTeX 2.9.6/fonts/type1/public/amsfonts/c
m/cmti12.pfb><C:/Users/dgatl_000/AppData/Local/Programs/MiKTeX 2.9.6/fonts/type
1/public/amsfonts/cm/cmtt10.pfb>
Output written on honors_thesis.pdf (63 pages, 4105682 bytes).
PDF statistics:
 720 PDF objects out of 1000 (max. 8388607)
 144 named destinations out of 1000 (max. 500000)
 165 words of extra memory for PDF output out of 10000 (max. 10000000)

