This is pdfTeX, Version 3.14159265-2.6-1.40.19 (MiKTeX 2.9.6840 64-bit) (preloaded format=pdflatex 2018.11.8)  20 APR 2019 21:29
entering extended mode
**"C:/Users/dgatl_000/OneDrive - UCB-O365/Senior_1/Thesis/project_presentation.
tex"

("C:/Users/dgatl_000/OneDrive - UCB-O365/Senior_1/Thesis/project_presentation.t
ex"
LaTeX2e <2018-04-01> patch level 5

("C:\Users\dgatl_000\AppData\Local\Programs\MiKTeX 2.9.6\tex\latex\beamer\beame
r.cls"
Document Class: beamer 2018/12/02 v3.55 A class for typesetting presentations

("C:\Users\dgatl_000\AppData\Local\Programs\MiKTeX 2.9.6\tex\latex\beamer\beame
rbasemodes.sty"
("C:\Users\dgatl_000\AppData\Local\Programs\MiKTeX 2.9.6\tex\latex\etoolbox\eto
olbox.sty"
Package: etoolbox 2018/08/19 v2.5f e-TeX tools for LaTeX (JAW)
\etb@tempcnta=\count80
)
\beamer@tempbox=\box26
\beamer@tempcount=\count81
\c@beamerpauses=\count82

("C:\Users\dgatl_000\AppData\Local\Programs\MiKTeX 2.9.6\tex\latex\beamer\beame
rbasedecode.sty"
\beamer@slideinframe=\count83
\beamer@minimum=\count84
)
\beamer@commentbox=\box27
\beamer@modecount=\count85
)
("C:\Users\dgatl_000\AppData\Local\Programs\MiKTeX 2.9.6\tex\generic\oberdiek\i
fpdf.sty"
Package: ifpdf 2018/09/07 v3.3 Provides the ifpdf switch
)
\headdp=\dimen102
\footheight=\dimen103
\sidebarheight=\dimen104
\beamer@tempdim=\dimen105
\beamer@finalheight=\dimen106
\beamer@animht=\dimen107
\beamer@animdp=\dimen108
\beamer@animwd=\dimen109
\beamer@leftmargin=\dimen110
\beamer@rightmargin=\dimen111
\beamer@leftsidebar=\dimen112
\beamer@rightsidebar=\dimen113
\beamer@boxsize=\dimen114
\beamer@vboxoffset=\dimen115
\beamer@descdefault=\dimen116
\beamer@descriptionwidth=\dimen117
\beamer@lastskip=\skip41
\beamer@areabox=\box28
\beamer@animcurrent=\box29
\beamer@animshowbox=\box30
\beamer@sectionbox=\box31
\beamer@logobox=\box32
\beamer@linebox=\box33
\beamer@sectioncount=\count86
\beamer@subsubsectionmax=\count87
\beamer@subsectionmax=\count88
\beamer@sectionmax=\count89
\beamer@totalheads=\count90
\beamer@headcounter=\count91
\beamer@partstartpage=\count92
\beamer@sectionstartpage=\count93
\beamer@subsectionstartpage=\count94
\beamer@animationtempa=\count95
\beamer@animationtempb=\count96
\beamer@xpos=\count97
\beamer@ypos=\count98
\beamer@ypos@offset=\count99
\beamer@showpartnumber=\count100
\beamer@currentsubsection=\count101
\beamer@coveringdepth=\count102
\beamer@sectionadjust=\count103
\beamer@tocsectionnumber=\count104

("C:\Users\dgatl_000\AppData\Local\Programs\MiKTeX 2.9.6\tex\latex\beamer\beame
rbaseoptions.sty"
("C:\Users\dgatl_000\AppData\Local\Programs\MiKTeX 2.9.6\tex\latex\graphics\key
val.sty"
Package: keyval 2014/10/28 v1.15 key=value parser (DPC)
\KV@toks@=\toks14
))
\beamer@paperwidth=\skip42
\beamer@paperheight=\skip43

("C:\Users\dgatl_000\AppData\Local\Programs\MiKTeX 2.9.6\tex\latex\geometry\geo
metry.sty"
Package: geometry 2018/04/16 v5.8 Page Geometry

("C:\Users\dgatl_000\AppData\Local\Programs\MiKTeX 2.9.6\tex\generic\oberdiek\i
fvtex.sty"
Package: ifvtex 2016/05/16 v1.6 Detect VTeX and its facilities (HO)
Package ifvtex Info: VTeX not detected.
)
("C:\Users\dgatl_000\AppData\Local\Programs\MiKTeX 2.9.6\tex\generic\ifxetex\if
xetex.sty"
Package: ifxetex 2010/09/12 v0.6 Provides ifxetex conditional
)
\Gm@cnth=\count105
\Gm@cntv=\count106
\c@Gm@tempcnt=\count107
\Gm@bindingoffset=\dimen118
\Gm@wd@mp=\dimen119
\Gm@odd@mp=\dimen120
\Gm@even@mp=\dimen121
\Gm@layoutwidth=\dimen122
\Gm@layoutheight=\dimen123
\Gm@layouthoffset=\dimen124
\Gm@layoutvoffset=\dimen125
\Gm@dimlist=\toks15

("C:\Users\dgatl_000\AppData\Local\Programs\MiKTeX 2.9.6\tex\latex\geometry\geo
metry.cfg"))
("C:\Users\dgatl_000\AppData\Local\Programs\MiKTeX 2.9.6\tex\latex\base\size11.
clo"
File: size11.clo 2014/09/29 v1.4h Standard LaTeX file (size option)
)
("C:\Users\dgatl_000\AppData\Local\Programs\MiKTeX 2.9.6\tex\latex\pgf\basiclay
er\pgfcore.sty"
("C:\Users\dgatl_000\AppData\Local\Programs\MiKTeX 2.9.6\tex\latex\graphics\gra
phicx.sty"
Package: graphicx 2017/06/01 v1.1a Enhanced LaTeX Graphics (DPC,SPQR)

("C:\Users\dgatl_000\AppData\Local\Programs\MiKTeX 2.9.6\tex\latex\graphics\gra
phics.sty"
Package: graphics 2017/06/25 v1.2c Standard LaTeX Graphics (DPC,SPQR)

("C:\Users\dgatl_000\AppData\Local\Programs\MiKTeX 2.9.6\tex\latex\graphics\tri
g.sty"
Package: trig 2016/01/03 v1.10 sin cos tan (DPC)
)
("C:\Users\dgatl_000\AppData\Local\Programs\MiKTeX 2.9.6\tex\latex\graphics-cfg
\graphics.cfg"
File: graphics.cfg 2016/06/04 v1.11 sample graphics configuration
)
Package graphics Info: Driver file: pdftex.def on input line 99.

("C:\Users\dgatl_000\AppData\Local\Programs\MiKTeX 2.9.6\tex\latex\graphics-def
\pdftex.def"
File: pdftex.def 2018/01/08 v1.0l Graphics/color driver for pdftex
))
\Gin@req@height=\dimen126
\Gin@req@width=\dimen127
)
("C:\Users\dgatl_000\AppData\Local\Programs\MiKTeX 2.9.6\tex\latex\pgf\systemla
yer\pgfsys.sty"
("C:\Users\dgatl_000\AppData\Local\Programs\MiKTeX 2.9.6\tex\latex\pgf\utilitie
s\pgfrcs.sty"
("C:\Users\dgatl_000\AppData\Local\Programs\MiKTeX 2.9.6\tex\generic\pgf\utilit
ies\pgfutil-common.tex"
\pgfutil@everybye=\toks16
\pgfutil@tempdima=\dimen128
\pgfutil@tempdimb=\dimen129

("C:\Users\dgatl_000\AppData\Local\Programs\MiKTeX 2.9.6\tex\generic\pgf\utilit
ies\pgfutil-common-lists.tex"))
("C:\Users\dgatl_000\AppData\Local\Programs\MiKTeX 2.9.6\tex\generic\pgf\utilit
ies\pgfutil-latex.def"
\pgfutil@abb=\box34

("C:\Users\dgatl_000\AppData\Local\Programs\MiKTeX 2.9.6\tex\latex\ms\everyshi.
sty"
Package: everyshi 2001/05/15 v3.00 EveryShipout Package (MS)
))
("C:\Users\dgatl_000\AppData\Local\Programs\MiKTeX 2.9.6\tex\generic\pgf\utilit
ies\pgfrcs.code.tex"
Package: pgfrcs 2015/08/07 v3.0.1a (rcs-revision 1.31)
))
("C:\Users\dgatl_000\AppData\Local\Programs\MiKTeX 2.9.6\tex\generic\pgf\system
layer\pgfsys.code.tex"
Package: pgfsys 2014/07/09 v3.0.1a (rcs-revision 1.48)

("C:\Users\dgatl_000\AppData\Local\Programs\MiKTeX 2.9.6\tex\generic\pgf\utilit
ies\pgfkeys.code.tex"
\pgfkeys@pathtoks=\toks17
\pgfkeys@temptoks=\toks18

("C:\Users\dgatl_000\AppData\Local\Programs\MiKTeX 2.9.6\tex\generic\pgf\utilit
ies\pgfkeysfiltered.code.tex"
\pgfkeys@tmptoks=\toks19
))
\pgf@x=\dimen130
\pgf@y=\dimen131
\pgf@xa=\dimen132
\pgf@ya=\dimen133
\pgf@xb=\dimen134
\pgf@yb=\dimen135
\pgf@xc=\dimen136
\pgf@yc=\dimen137
\w@pgf@writea=\write3
\r@pgf@reada=\read1
\c@pgf@counta=\count108
\c@pgf@countb=\count109
\c@pgf@countc=\count110
\c@pgf@countd=\count111
\t@pgf@toka=\toks20
\t@pgf@tokb=\toks21
\t@pgf@tokc=\toks22

("C:\Users\dgatl_000\AppData\Local\Programs\MiKTeX 2.9.6\tex\generic\pgf\system
layer\pgf.cfg"
File: pgf.cfg 2008/05/14  (rcs-revision 1.7)
)
Driver file for pgf: pgfsys-pdftex.def

("C:\Users\dgatl_000\AppData\Local\Programs\MiKTeX 2.9.6\tex\generic\pgf\system
layer\pgfsys-pdftex.def"
File: pgfsys-pdftex.def 2014/10/11  (rcs-revision 1.35)

("C:\Users\dgatl_000\AppData\Local\Programs\MiKTeX 2.9.6\tex\generic\pgf\system
layer\pgfsys-common-pdf.def"
File: pgfsys-common-pdf.def 2013/10/10  (rcs-revision 1.13)
)))
("C:\Users\dgatl_000\AppData\Local\Programs\MiKTeX 2.9.6\tex\generic\pgf\system
layer\pgfsyssoftpath.code.tex"
File: pgfsyssoftpath.code.tex 2013/09/09  (rcs-revision 1.9)
\pgfsyssoftpath@smallbuffer@items=\count112
\pgfsyssoftpath@bigbuffer@items=\count113
)
("C:\Users\dgatl_000\AppData\Local\Programs\MiKTeX 2.9.6\tex\generic\pgf\system
layer\pgfsysprotocol.code.tex"
File: pgfsysprotocol.code.tex 2006/10/16  (rcs-revision 1.4)
))
("C:\Users\dgatl_000\AppData\Local\Programs\MiKTeX 2.9.6\tex\latex\xcolor\xcolo
r.sty"
Package: xcolor 2016/05/11 v2.12 LaTeX color extensions (UK)

("C:\Users\dgatl_000\AppData\Local\Programs\MiKTeX 2.9.6\tex\latex\graphics-cfg
\color.cfg"
File: color.cfg 2016/01/02 v1.6 sample color configuration
)
Package xcolor Info: Driver file: pdftex.def on input line 225.
Package xcolor Info: Model `cmy' substituted by `cmy0' on input line 1348.
Package xcolor Info: Model `hsb' substituted by `rgb' on input line 1352.
Package xcolor Info: Model `RGB' extended on input line 1364.
Package xcolor Info: Model `HTML' substituted by `rgb' on input line 1366.
Package xcolor Info: Model `Hsb' substituted by `hsb' on input line 1367.
Package xcolor Info: Model `tHsb' substituted by `hsb' on input line 1368.
Package xcolor Info: Model `HSB' substituted by `hsb' on input line 1369.
Package xcolor Info: Model `Gray' substituted by `gray' on input line 1370.
Package xcolor Info: Model `wave' substituted by `hsb' on input line 1371.
)
("C:\Users\dgatl_000\AppData\Local\Programs\MiKTeX 2.9.6\tex\generic\pgf\basicl
ayer\pgfcore.code.tex"
Package: pgfcore 2010/04/11 v3.0.1a (rcs-revision 1.7)

("C:\Users\dgatl_000\AppData\Local\Programs\MiKTeX 2.9.6\tex\generic\pgf\math\p
gfmath.code.tex"
("C:\Users\dgatl_000\AppData\Local\Programs\MiKTeX 2.9.6\tex\generic\pgf\math\p
gfmathcalc.code.tex"
("C:\Users\dgatl_000\AppData\Local\Programs\MiKTeX 2.9.6\tex\generic\pgf\math\p
gfmathutil.code.tex")
("C:\Users\dgatl_000\AppData\Local\Programs\MiKTeX 2.9.6\tex\generic\pgf\math\p
gfmathparser.code.tex"
\pgfmath@dimen=\dimen138
\pgfmath@count=\count114
\pgfmath@box=\box35
\pgfmath@toks=\toks23
\pgfmath@stack@operand=\toks24
\pgfmath@stack@operation=\toks25
)
("C:\Users\dgatl_000\AppData\Local\Programs\MiKTeX 2.9.6\tex\generic\pgf\math\p
gfmathfunctions.code.tex"
("C:\Users\dgatl_000\AppData\Local\Programs\MiKTeX 2.9.6\tex\generic\pgf\math\p
gfmathfunctions.basic.code.tex")
("C:\Users\dgatl_000\AppData\Local\Programs\MiKTeX 2.9.6\tex\generic\pgf\math\p
gfmathfunctions.trigonometric.code.tex")
("C:\Users\dgatl_000\AppData\Local\Programs\MiKTeX 2.9.6\tex\generic\pgf\math\p
gfmathfunctions.random.code.tex")
("C:\Users\dgatl_000\AppData\Local\Programs\MiKTeX 2.9.6\tex\generic\pgf\math\p
gfmathfunctions.comparison.code.tex")
("C:\Users\dgatl_000\AppData\Local\Programs\MiKTeX 2.9.6\tex\generic\pgf\math\p
gfmathfunctions.base.code.tex")
("C:\Users\dgatl_000\AppData\Local\Programs\MiKTeX 2.9.6\tex\generic\pgf\math\p
gfmathfunctions.round.code.tex")
("C:\Users\dgatl_000\AppData\Local\Programs\MiKTeX 2.9.6\tex\generic\pgf\math\p
gfmathfunctions.misc.code.tex")
("C:\Users\dgatl_000\AppData\Local\Programs\MiKTeX 2.9.6\tex\generic\pgf\math\p
gfmathfunctions.integerarithmetics.code.tex")))
("C:\Users\dgatl_000\AppData\Local\Programs\MiKTeX 2.9.6\tex\generic\pgf\math\p
gfmathfloat.code.tex"
\c@pgfmathroundto@lastzeros=\count115
))
("C:\Users\dgatl_000\AppData\Local\Programs\MiKTeX 2.9.6\tex\generic\pgf\basicl
ayer\pgfcorepoints.code.tex"
File: pgfcorepoints.code.tex 2013/10/07  (rcs-revision 1.27)
\pgf@picminx=\dimen139
\pgf@picmaxx=\dimen140
\pgf@picminy=\dimen141
\pgf@picmaxy=\dimen142
\pgf@pathminx=\dimen143
\pgf@pathmaxx=\dimen144
\pgf@pathminy=\dimen145
\pgf@pathmaxy=\dimen146
\pgf@xx=\dimen147
\pgf@xy=\dimen148
\pgf@yx=\dimen149
\pgf@yy=\dimen150
\pgf@zx=\dimen151
\pgf@zy=\dimen152
)
("C:\Users\dgatl_000\AppData\Local\Programs\MiKTeX 2.9.6\tex\generic\pgf\basicl
ayer\pgfcorepathconstruct.code.tex"
File: pgfcorepathconstruct.code.tex 2013/10/07  (rcs-revision 1.29)
\pgf@path@lastx=\dimen153
\pgf@path@lasty=\dimen154
)
("C:\Users\dgatl_000\AppData\Local\Programs\MiKTeX 2.9.6\tex\generic\pgf\basicl
ayer\pgfcorepathusage.code.tex"
File: pgfcorepathusage.code.tex 2014/11/02  (rcs-revision 1.24)
\pgf@shorten@end@additional=\dimen155
\pgf@shorten@start@additional=\dimen156
)
("C:\Users\dgatl_000\AppData\Local\Programs\MiKTeX 2.9.6\tex\generic\pgf\basicl
ayer\pgfcorescopes.code.tex"
File: pgfcorescopes.code.tex 2015/05/08  (rcs-revision 1.46)
\pgfpic=\box36
\pgf@hbox=\box37
\pgf@layerbox@main=\box38
\pgf@picture@serial@count=\count116
)
("C:\Users\dgatl_000\AppData\Local\Programs\MiKTeX 2.9.6\tex\generic\pgf\basicl
ayer\pgfcoregraphicstate.code.tex"
File: pgfcoregraphicstate.code.tex 2014/11/02  (rcs-revision 1.12)
\pgflinewidth=\dimen157
)
("C:\Users\dgatl_000\AppData\Local\Programs\MiKTeX 2.9.6\tex\generic\pgf\basicl
ayer\pgfcoretransformations.code.tex"
File: pgfcoretransformations.code.tex 2015/08/07  (rcs-revision 1.20)
\pgf@pt@x=\dimen158
\pgf@pt@y=\dimen159
\pgf@pt@temp=\dimen160
)
("C:\Users\dgatl_000\AppData\Local\Programs\MiKTeX 2.9.6\tex\generic\pgf\basicl
ayer\pgfcorequick.code.tex"
File: pgfcorequick.code.tex 2008/10/09  (rcs-revision 1.3)
)
("C:\Users\dgatl_000\AppData\Local\Programs\MiKTeX 2.9.6\tex\generic\pgf\basicl
ayer\pgfcoreobjects.code.tex"
File: pgfcoreobjects.code.tex 2006/10/11  (rcs-revision 1.2)
)
("C:\Users\dgatl_000\AppData\Local\Programs\MiKTeX 2.9.6\tex\generic\pgf\basicl
ayer\pgfcorepathprocessing.code.tex"
File: pgfcorepathprocessing.code.tex 2013/09/09  (rcs-revision 1.9)
)
("C:\Users\dgatl_000\AppData\Local\Programs\MiKTeX 2.9.6\tex\generic\pgf\basicl
ayer\pgfcorearrows.code.tex"
File: pgfcorearrows.code.tex 2015/05/14  (rcs-revision 1.43)
\pgfarrowsep=\dimen161
)
("C:\Users\dgatl_000\AppData\Local\Programs\MiKTeX 2.9.6\tex\generic\pgf\basicl
ayer\pgfcoreshade.code.tex"
File: pgfcoreshade.code.tex 2013/07/15  (rcs-revision 1.15)
\pgf@max=\dimen162
\pgf@sys@shading@range@num=\count117
)
("C:\Users\dgatl_000\AppData\Local\Programs\MiKTeX 2.9.6\tex\generic\pgf\basicl
ayer\pgfcoreimage.code.tex"
File: pgfcoreimage.code.tex 2013/07/15  (rcs-revision 1.18)

("C:\Users\dgatl_000\AppData\Local\Programs\MiKTeX 2.9.6\tex\generic\pgf\basicl
ayer\pgfcoreexternal.code.tex"
File: pgfcoreexternal.code.tex 2014/07/09  (rcs-revision 1.21)
\pgfexternal@startupbox=\box39
))
("C:\Users\dgatl_000\AppData\Local\Programs\MiKTeX 2.9.6\tex\generic\pgf\basicl
ayer\pgfcorelayers.code.tex"
File: pgfcorelayers.code.tex 2013/07/18  (rcs-revision 1.7)
)
("C:\Users\dgatl_000\AppData\Local\Programs\MiKTeX 2.9.6\tex\generic\pgf\basicl
ayer\pgfcoretransparency.code.tex"
File: pgfcoretransparency.code.tex 2013/09/30  (rcs-revision 1.5)
)
("C:\Users\dgatl_000\AppData\Local\Programs\MiKTeX 2.9.6\tex\generic\pgf\basicl
ayer\pgfcorepatterns.code.tex"
File: pgfcorepatterns.code.tex 2013/11/07  (rcs-revision 1.5)
)))
("C:\Users\dgatl_000\AppData\Local\Programs\MiKTeX 2.9.6\tex\latex\pgf\utilitie
s\xxcolor.sty"
Package: xxcolor 2003/10/24 ver 0.1
\XC@nummixins=\count118
\XC@countmixins=\count119
)
("C:\Users\dgatl_000\AppData\Local\Programs\MiKTeX 2.9.6\tex\generic\oberdiek\a
tbegshi.sty"
Package: atbegshi 2016/06/09 v1.18 At begin shipout hook (HO)

("C:\Users\dgatl_000\AppData\Local\Programs\MiKTeX 2.9.6\tex\generic\oberdiek\i
nfwarerr.sty"
Package: infwarerr 2016/05/16 v1.4 Providing info/warning/error messages (HO)
)
("C:\Users\dgatl_000\AppData\Local\Programs\MiKTeX 2.9.6\tex\generic\oberdiek\l
txcmds.sty"
Package: ltxcmds 2016/05/16 v1.23 LaTeX kernel commands for general use (HO)
))
("C:\Users\dgatl_000\AppData\Local\Programs\MiKTeX 2.9.6\tex\latex\hyperref\hyp
erref.sty"
Package: hyperref 2018/09/30 v6.88a Hypertext links for LaTeX

("C:\Users\dgatl_000\AppData\Local\Programs\MiKTeX 2.9.6\tex\generic\oberdiek\h
obsub-hyperref.sty"
Package: hobsub-hyperref 2016/05/16 v1.14 Bundle oberdiek, subset hyperref (HO)


("C:\Users\dgatl_000\AppData\Local\Programs\MiKTeX 2.9.6\tex\generic\oberdiek\h
obsub-generic.sty"
Package: hobsub-generic 2016/05/16 v1.14 Bundle oberdiek, subset generic (HO)
Package: hobsub 2016/05/16 v1.14 Construct package bundles (HO)
Package hobsub Info: Skipping package `infwarerr' (already loaded).
Package hobsub Info: Skipping package `ltxcmds' (already loaded).
Package: ifluatex 2016/05/16 v1.4 Provides the ifluatex switch (HO)
Package ifluatex Info: LuaTeX not detected.
Package hobsub Info: Skipping package `ifvtex' (already loaded).
Package: intcalc 2016/05/16 v1.2 Expandable calculations with integers (HO)
Package hobsub Info: Skipping package `ifpdf' (already loaded).
Package: etexcmds 2016/05/16 v1.6 Avoid name clashes with e-TeX commands (HO)
Package etexcmds Info: Could not find \expanded.
(etexcmds)             That can mean that you are not using pdfTeX 1.50 or
(etexcmds)             that some package has redefined \expanded.
(etexcmds)             In the latter case, load this package earlier.
Package: kvsetkeys 2016/05/16 v1.17 Key value parser (HO)
Package: kvdefinekeys 2016/05/16 v1.4 Define keys (HO)
Package: pdftexcmds 2018/09/10 v0.29 Utility functions of pdfTeX for LuaTeX (HO
)
Package pdftexcmds Info: LuaTeX not detected.
Package pdftexcmds Info: \pdf@primitive is available.
Package pdftexcmds Info: \pdf@ifprimitive is available.
Package pdftexcmds Info: \pdfdraftmode found.
Package: pdfescape 2016/05/16 v1.14 Implements pdfTeX's escape features (HO)
Package: bigintcalc 2016/05/16 v1.4 Expandable calculations on big integers (HO
)
Package: bitset 2016/05/16 v1.2 Handle bit-vector datatype (HO)
Package: uniquecounter 2016/05/16 v1.3 Provide unlimited unique counter (HO)
)
Package hobsub Info: Skipping package `hobsub' (already loaded).
Package: letltxmacro 2016/05/16 v1.5 Let assignment for LaTeX macros (HO)
Package: hopatch 2016/05/16 v1.3 Wrapper for package hooks (HO)
Package: xcolor-patch 2016/05/16 xcolor patch
Package: atveryend 2016/05/16 v1.9 Hooks at the very end of document (HO)
Package hobsub Info: Skipping package `atbegshi' (already loaded).
Package: refcount 2016/05/16 v3.5 Data extraction from label references (HO)
Package: hycolor 2016/05/16 v1.8 Color options for hyperref/bookmark (HO)
)
("C:\Users\dgatl_000\AppData\Local\Programs\MiKTeX 2.9.6\tex\latex\oberdiek\aux
hook.sty"
Package: auxhook 2016/05/16 v1.4 Hooks for auxiliary files (HO)
)
("C:\Users\dgatl_000\AppData\Local\Programs\MiKTeX 2.9.6\tex\latex\oberdiek\kvo
ptions.sty"
Package: kvoptions 2016/05/16 v3.12 Key value format for package options (HO)
)
\@linkdim=\dimen163
\Hy@linkcounter=\count120
\Hy@pagecounter=\count121

("C:\Users\dgatl_000\AppData\Local\Programs\MiKTeX 2.9.6\tex\latex\hyperref\pd1
enc.def"
File: pd1enc.def 2018/09/30 v6.88a Hyperref: PDFDocEncoding definition (HO)
Now handling font encoding PD1 ...
... no UTF-8 mapping file for font encoding PD1
)
\Hy@SavedSpaceFactor=\count122

("C:\Users\dgatl_000\AppData\Local\Programs\MiKTeX 2.9.6\tex\latex\00miktex\hyp
erref.cfg"
File: hyperref.cfg 2002/06/06 v1.2 hyperref configuration of TeXLive
)
Package hyperref Info: Option `bookmarks' set `true' on input line 4409.
Package hyperref Info: Option `bookmarksopen' set `true' on input line 4409.
Package hyperref Info: Option `implicit' set `false' on input line 4409.
Package hyperref Info: Hyper figures OFF on input line 4535.
Package hyperref Info: Link nesting OFF on input line 4540.
Package hyperref Info: Hyper index ON on input line 4543.
Package hyperref Info: Plain pages OFF on input line 4550.
Package hyperref Info: Backreferencing OFF on input line 4555.
Package hyperref Info: Implicit mode OFF; no redefinition of LaTeX internals.
Package hyperref Info: Bookmarks ON on input line 4788.
\c@Hy@tempcnt=\count123

("C:\Users\dgatl_000\AppData\Local\Programs\MiKTeX 2.9.6\tex\latex\url\url.sty"
\Urlmuskip=\muskip10
Package: url 2013/09/16  ver 3.4  Verb mode for urls, etc.
)
LaTeX Info: Redefining \url on input line 5141.
\XeTeXLinkMargin=\dimen164
\Fld@menulength=\count124
\Field@Width=\dimen165
\Fld@charsize=\dimen166
Package hyperref Info: Hyper figures OFF on input line 6396.
Package hyperref Info: Link nesting OFF on input line 6401.
Package hyperref Info: Hyper index ON on input line 6404.
Package hyperref Info: backreferencing OFF on input line 6411.
Package hyperref Info: Link coloring OFF on input line 6416.
Package hyperref Info: Link coloring with OCG OFF on input line 6421.
Package hyperref Info: PDF/A mode OFF on input line 6426.
LaTeX Info: Redefining \ref on input line 6466.
LaTeX Info: Redefining \pageref on input line 6470.
\Hy@abspage=\count125


Package hyperref Message: Stopped early.

)
Package hyperref Info: Driver (autodetected): hpdftex.

("C:\Users\dgatl_000\AppData\Local\Programs\MiKTeX 2.9.6\tex\latex\hyperref\hpd
ftex.def"
File: hpdftex.def 2018/09/30 v6.88a Hyperref driver for pdfTeX
\Fld@listcount=\count126
\c@bookmark@seq@number=\count127

("C:\Users\dgatl_000\AppData\Local\Programs\MiKTeX 2.9.6\tex\latex\oberdiek\rer
unfilecheck.sty"
Package: rerunfilecheck 2016/05/16 v1.8 Rerun checks for auxiliary files (HO)
Package uniquecounter Info: New unique counter `rerunfilecheck' on input line 2
82.
))
("C:\Users\dgatl_000\AppData\Local\Programs\MiKTeX 2.9.6\tex\latex\beamer\beame
rbaserequires.sty"
("C:\Users\dgatl_000\AppData\Local\Programs\MiKTeX 2.9.6\tex\latex\beamer\beame
rbasecompatibility.sty")
("C:\Users\dgatl_000\AppData\Local\Programs\MiKTeX 2.9.6\tex\latex\beamer\beame
rbasefont.sty"
("C:\Users\dgatl_000\AppData\Local\Programs\MiKTeX 2.9.6\tex\latex\amsfonts\ams
symb.sty"
Package: amssymb 2013/01/14 v3.01 AMS font symbols

("C:\Users\dgatl_000\AppData\Local\Programs\MiKTeX 2.9.6\tex\latex\amsfonts\ams
fonts.sty"
Package: amsfonts 2013/01/14 v3.01 Basic AMSFonts support
\@emptytoks=\toks26
\symAMSa=\mathgroup4
\symAMSb=\mathgroup5
LaTeX Font Info:    Overwriting math alphabet `\mathfrak' in version `bold'
(Font)                  U/euf/m/n --> U/euf/b/n on input line 106.
))
("C:\Users\dgatl_000\AppData\Local\Programs\MiKTeX 2.9.6\tex\latex\sansmathacce
nt\sansmathaccent.sty"
Package: sansmathaccent 2013/03/28

("C:\Users\dgatl_000\AppData\Local\Programs\MiKTeX 2.9.6\tex\latex\filehook\fil
ehook.sty"
Package: filehook 2011/10/12 v0.5d Hooks for input files
)))
("C:\Users\dgatl_000\AppData\Local\Programs\MiKTeX 2.9.6\tex\latex\beamer\beame
rbasetranslator.sty"
("C:\Users\dgatl_000\AppData\Local\Programs\MiKTeX 2.9.6\tex\latex\translator\t
ranslator.sty"
Package: translator 2018/01/04 v1.12 Easy translation of strings in LaTeX
))
("C:\Users\dgatl_000\AppData\Local\Programs\MiKTeX 2.9.6\tex\latex\beamer\beame
rbasemisc.sty")
("C:\Users\dgatl_000\AppData\Local\Programs\MiKTeX 2.9.6\tex\latex\beamer\beame
rbasetwoscreens.sty")
("C:\Users\dgatl_000\AppData\Local\Programs\MiKTeX 2.9.6\tex\latex\beamer\beame
rbaseoverlay.sty"
\beamer@argscount=\count128
\beamer@lastskipcover=\skip44
\beamer@trivlistdepth=\count129
)
("C:\Users\dgatl_000\AppData\Local\Programs\MiKTeX 2.9.6\tex\latex\beamer\beame
rbasetitle.sty")
("C:\Users\dgatl_000\AppData\Local\Programs\MiKTeX 2.9.6\tex\latex\beamer\beame
rbasesection.sty"
\c@lecture=\count130
\c@part=\count131
\c@section=\count132
\c@subsection=\count133
\c@subsubsection=\count134
)
("C:\Users\dgatl_000\AppData\Local\Programs\MiKTeX 2.9.6\tex\latex\beamer\beame
rbaseframe.sty"
\beamer@framebox=\box40
\beamer@frametitlebox=\box41
\beamer@zoombox=\box42
\beamer@zoomcount=\count135
\beamer@zoomframecount=\count136
\beamer@frametextheight=\dimen167
\c@subsectionslide=\count137
\beamer@frametopskip=\skip45
\beamer@framebottomskip=\skip46
\beamer@frametopskipautobreak=\skip47
\beamer@framebottomskipautobreak=\skip48
\beamer@envbody=\toks27
\framewidth=\dimen168
\c@framenumber=\count138
)
("C:\Users\dgatl_000\AppData\Local\Programs\MiKTeX 2.9.6\tex\latex\beamer\beame
rbaseverbatim.sty"
\beamer@verbatimfileout=\write4
)
("C:\Users\dgatl_000\AppData\Local\Programs\MiKTeX 2.9.6\tex\latex\beamer\beame
rbaseframesize.sty"
\beamer@splitbox=\box43
\beamer@autobreakcount=\count139
\beamer@autobreaklastheight=\dimen169
\beamer@frametitletoks=\toks28
\beamer@framesubtitletoks=\toks29
)
("C:\Users\dgatl_000\AppData\Local\Programs\MiKTeX 2.9.6\tex\latex\beamer\beame
rbaseframecomponents.sty"
\beamer@footins=\box44
)
("C:\Users\dgatl_000\AppData\Local\Programs\MiKTeX 2.9.6\tex\latex\beamer\beame
rbasecolor.sty")
("C:\Users\dgatl_000\AppData\Local\Programs\MiKTeX 2.9.6\tex\latex\beamer\beame
rbasenotes.sty"
\beamer@frameboxcopy=\box45
)
("C:\Users\dgatl_000\AppData\Local\Programs\MiKTeX 2.9.6\tex\latex\beamer\beame
rbasetoc.sty")
("C:\Users\dgatl_000\AppData\Local\Programs\MiKTeX 2.9.6\tex\latex\beamer\beame
rbasetemplates.sty"
\beamer@sbttoks=\toks30

("C:\Users\dgatl_000\AppData\Local\Programs\MiKTeX 2.9.6\tex\latex\beamer\beame
rbaseauxtemplates.sty"
("C:\Users\dgatl_000\AppData\Local\Programs\MiKTeX 2.9.6\tex\latex\beamer\beame
rbaseboxes.sty"
\bmb@box=\box46
\bmb@colorbox=\box47
\bmb@boxshadow=\box48
\bmb@boxshadowball=\box49
\bmb@boxshadowballlarge=\box50
\bmb@temp=\dimen170
\bmb@dima=\dimen171
\bmb@dimb=\dimen172
\bmb@prevheight=\dimen173
)
\beamer@blockheadheight=\dimen174
))
("C:\Users\dgatl_000\AppData\Local\Programs\MiKTeX 2.9.6\tex\latex\beamer\beame
rbaselocalstructure.sty"
("C:\Users\dgatl_000\AppData\Local\Programs\MiKTeX 2.9.6\tex\latex\tools\enumer
ate.sty"
Package: enumerate 2015/07/23 v3.00 enumerate extensions (DPC)
\@enLab=\toks31
)
\c@figure=\count140
\c@table=\count141
\abovecaptionskip=\skip49
\belowcaptionskip=\skip50
)
("C:\Users\dgatl_000\AppData\Local\Programs\MiKTeX 2.9.6\tex\latex\beamer\beame
rbasenavigation.sty"
\beamer@section@min@dim=\dimen175
)
("C:\Users\dgatl_000\AppData\Local\Programs\MiKTeX 2.9.6\tex\latex\beamer\beame
rbasetheorems.sty"
("C:\Users\dgatl_000\AppData\Local\Programs\MiKTeX 2.9.6\tex\latex\amsmath\amsm
ath.sty"
Package: amsmath 2017/09/02 v2.17a AMS math features
\@mathmargin=\skip51

For additional information on amsmath, use the `?' option.

("C:\Users\dgatl_000\AppData\Local\Programs\MiKTeX 2.9.6\tex\latex\amsmath\amst
ext.sty"
Package: amstext 2000/06/29 v2.01 AMS text

("C:\Users\dgatl_000\AppData\Local\Programs\MiKTeX 2.9.6\tex\latex\amsmath\amsg
en.sty"
File: amsgen.sty 1999/11/30 v2.0 generic functions
\@emptytoks=\toks32
\ex@=\dimen176
))
("C:\Users\dgatl_000\AppData\Local\Programs\MiKTeX 2.9.6\tex\latex\amsmath\amsb
sy.sty"
Package: amsbsy 1999/11/29 v1.2d Bold Symbols
\pmbraise@=\dimen177
)
("C:\Users\dgatl_000\AppData\Local\Programs\MiKTeX 2.9.6\tex\latex\amsmath\amso
pn.sty"
Package: amsopn 2016/03/08 v2.02 operator names
)
\inf@bad=\count142
LaTeX Info: Redefining \frac on input line 213.
\uproot@=\count143
\leftroot@=\count144
LaTeX Info: Redefining \overline on input line 375.
\classnum@=\count145
\DOTSCASE@=\count146
LaTeX Info: Redefining \ldots on input line 472.
LaTeX Info: Redefining \dots on input line 475.
LaTeX Info: Redefining \cdots on input line 596.
\Mathstrutbox@=\box51
\strutbox@=\box52
\big@size=\dimen178
LaTeX Font Info:    Redeclaring font encoding OML on input line 712.
LaTeX Font Info:    Redeclaring font encoding OMS on input line 713.
\macc@depth=\count147
\c@MaxMatrixCols=\count148
\dotsspace@=\muskip11
\c@parentequation=\count149
\dspbrk@lvl=\count150
\tag@help=\toks33
\row@=\count151
\column@=\count152
\maxfields@=\count153
\andhelp@=\toks34
\eqnshift@=\dimen179
\alignsep@=\dimen180
\tagshift@=\dimen181
\tagwidth@=\dimen182
\totwidth@=\dimen183
\lineht@=\dimen184
\@envbody=\toks35
\multlinegap=\skip52
\multlinetaggap=\skip53
\mathdisplay@stack=\toks36
LaTeX Info: Redefining \[ on input line 2817.
LaTeX Info: Redefining \] on input line 2818.
)
("C:\Users\dgatl_000\AppData\Local\Programs\MiKTeX 2.9.6\tex\latex\amscls\amsth
m.sty"
Package: amsthm 2017/10/31 v2.20.4
\thm@style=\toks37
\thm@bodyfont=\toks38
\thm@headfont=\toks39
\thm@notefont=\toks40
\thm@headpunct=\toks41
\thm@preskip=\skip54
\thm@postskip=\skip55
\thm@headsep=\skip56
\dth@everypar=\toks42
)
\c@theorem=\count154
)
("C:\Users\dgatl_000\AppData\Local\Programs\MiKTeX 2.9.6\tex\latex\beamer\beame
rbasethemes.sty"))
("C:\Users\dgatl_000\AppData\Local\Programs\MiKTeX 2.9.6\tex\latex\beamer\beame
rthemedefault.sty"
("C:\Users\dgatl_000\AppData\Local\Programs\MiKTeX 2.9.6\tex\latex\beamer\beame
rfontthemedefault.sty")
("C:\Users\dgatl_000\AppData\Local\Programs\MiKTeX 2.9.6\tex\latex\beamer\beame
rcolorthemedefault.sty")
("C:\Users\dgatl_000\AppData\Local\Programs\MiKTeX 2.9.6\tex\latex\beamer\beame
rinnerthemedefault.sty"
\beamer@dima=\dimen185
\beamer@dimb=\dimen186
)
("C:\Users\dgatl_000\AppData\Local\Programs\MiKTeX 2.9.6\tex\latex\beamer\beame
routerthemedefault.sty")))
("C:\Users\dgatl_000\AppData\Local\Programs\MiKTeX 2.9.6\tex\latex\beamer\beame
rthemeBerkeley.sty"
("C:\Users\dgatl_000\AppData\Local\Programs\MiKTeX 2.9.6\tex\latex\beamer\beame
routerthemesidebar.sty"
\beamer@sidebarwidth=\dimen187
\beamer@headheight=\dimen188
)
("C:\Users\dgatl_000\AppData\Local\Programs\MiKTeX 2.9.6\tex\latex\beamer\beame
rinnerthemerectangles.sty")
("C:\Users\dgatl_000\AppData\Local\Programs\MiKTeX 2.9.6\tex\latex\beamer\beame
rcolorthemewhale.sty")
("C:\Users\dgatl_000\AppData\Local\Programs\MiKTeX 2.9.6\tex\latex\beamer\beame
rcolorthemeorchid.sty"))
("C:\Users\dgatl_000\AppData\Local\Programs\MiKTeX 2.9.6\tex\latex\float\float.
sty"
Package: float 2001/11/08 v1.3d Float enhancements (AL)
\c@float@type=\count155
\float@exts=\toks43
\float@box=\box53
\@float@everytoks=\toks44
\@floatcapt=\box54
)
("C:\Users\dgatl_000\AppData\Local\Programs\MiKTeX 2.9.6\tex\latex\pdfpages\pdf
pages.sty"
Package: pdfpages 2017/10/31 v0.5l Insert pages of external PDF documents (AM)

("C:\Users\dgatl_000\AppData\Local\Programs\MiKTeX 2.9.6\tex\latex\base\ifthen.
sty"
Package: ifthen 2014/09/29 v1.1c Standard LaTeX ifthen package (DPC)
)
("C:\Users\dgatl_000\AppData\Local\Programs\MiKTeX 2.9.6\tex\latex\tools\calc.s
ty"
Package: calc 2017/05/25 v4.3 Infix arithmetic (KKT,FJ)
\calc@Acount=\count156
\calc@Bcount=\count157
\calc@Adimen=\dimen189
\calc@Bdimen=\dimen190
\calc@Askip=\skip57
\calc@Bskip=\skip58
LaTeX Info: Redefining \setlength on input line 80.
LaTeX Info: Redefining \addtolength on input line 81.
\calc@Ccount=\count158
\calc@Cskip=\skip59
)
("C:\Users\dgatl_000\AppData\Local\Programs\MiKTeX 2.9.6\tex\latex\eso-pic\eso-
pic.sty"
Package: eso-pic 2018/04/12 v2.0h eso-pic (RN)
)
\AM@pagewidth=\dimen191
\AM@pageheight=\dimen192

("C:\Users\dgatl_000\AppData\Local\Programs\MiKTeX 2.9.6\tex\latex\pdfpages\ppp
dftex.def"
File: pppdftex.def 2017/10/31 v0.5l Pdfpages driver for pdfTeX (AM)
)
\AM@pagebox=\box55
\AM@global@opts=\toks45
\AM@toc@title=\toks46
\c@AM@survey=\count159
\AM@templatesizebox=\box56
)
("C:\Users\dgatl_000\AppData\Local\Programs\MiKTeX 2.9.6\tex\latex\datetime\dat
etime.sty"
Package: datetime 2015/03/20 v2.60 Date Time Package

("C:\Users\dgatl_000\AppData\Local\Programs\MiKTeX 2.9.6\tex\latex\fmtcount\fmt
count.sty"
Package: fmtcount 2017/12/24 v3.05

("C:\Users\dgatl_000\AppData\Local\Programs\MiKTeX 2.9.6\tex\latex\xkeyval\xkey
val.sty"
Package: xkeyval 2014/12/03 v2.7a package option processing (HA)

("C:\Users\dgatl_000\AppData\Local\Programs\MiKTeX 2.9.6\tex\generic\xkeyval\xk
eyval.tex"
("C:\Users\dgatl_000\AppData\Local\Programs\MiKTeX 2.9.6\tex\generic\xkeyval\xk
vutils.tex"
\XKV@toks=\toks47
\XKV@tempa@toks=\toks48
)
\XKV@depth=\count160
File: xkeyval.tex 2014/12/03 v2.7a key=value parser (HA)
))
("C:\Users\dgatl_000\AppData\Local\Programs\MiKTeX 2.9.6\tex\latex\fmtcount\fcp
refix.sty"
Package: fcprefix 2012/09/28

("C:\Users\dgatl_000\AppData\Local\Programs\MiKTeX 2.9.6\tex\latex\fmtcount\fcn
umparser.sty"
Package: fcnumparser 2017/06/15
\fc@digit@counter=\count161
))
\c@padzeroesN=\count162
\fc@tmpcatcode=\count163
\@DT@modctr=\count164
\@ordinalctr=\count165
\@orgargctr=\count166
\@strctr=\count167
\@tmpstrctr=\count168
\@DT@loopN=\count169
\@DT@X=\count170
)
("C:\Users\dgatl_000\AppData\Local\Programs\MiKTeX 2.9.6\tex\latex\datetime\dat
etime-defaults.sty"
Package: datetime-defaults 2013/09/10
)
\@day=\count171
\@month=\count172
\@year=\count173
\c@HOUR=\count174
\c@HOURXII=\count175
\c@MINUTE=\count176
\c@TOHOUR=\count177
\c@TOMINUTE=\count178
\c@SECOND=\count179
\currenthour=\count180
\currentminute=\count181
\currentsecond=\count182
Package datetime Info: No datetime.cfg file found, using default settings on in
put line 308.
\@dtctr=\count183
\dayofyear=\count184
\dayofweek=\count185
LaTeX Info: Redefining \today on input line 736.
\dt@a=\toks49
\dt@b=\toks50
)
("C:\Users\dgatl_000\AppData\Local\Programs\MiKTeX 2.9.6\tex\latex\base\textcom
p.sty"
Package: textcomp 2017/04/05 v2.0i Standard LaTeX package
Package textcomp Info: Sub-encoding information:
(textcomp)               5 = only ISO-Adobe without \textcurrency
(textcomp)               4 = 5 + \texteuro
(textcomp)               3 = 4 + \textohm
(textcomp)               2 = 3 + \textestimated + \textcurrency
(textcomp)               1 = TS1 - \textcircled - \t
(textcomp)               0 = TS1 (full)
(textcomp)             Font families with sub-encoding setting implement
(textcomp)             only a restricted character set as indicated.
(textcomp)             Family '?' is the default used for unknown fonts.
(textcomp)             See the documentation for details.
Package textcomp Info: Setting ? sub-encoding to TS1/1 on input line 79.

("C:\Users\dgatl_000\AppData\Local\Programs\MiKTeX 2.9.6\tex\latex\base\ts1enc.
def"
File: ts1enc.def 2001/06/05 v3.0e (jk/car/fm) Standard LaTeX file
Now handling font encoding TS1 ...
... processing UTF-8 mapping file for font encoding TS1

("C:\Users\dgatl_000\AppData\Local\Programs\MiKTeX 2.9.6\tex\latex\base\ts1enc.
dfu"
File: ts1enc.dfu 2018/04/05 v1.2c UTF-8 support for inputenc
   defining Unicode char U+00A2 (decimal 162)
   defining Unicode char U+00A3 (decimal 163)
   defining Unicode char U+00A4 (decimal 164)
   defining Unicode char U+00A5 (decimal 165)
   defining Unicode char U+00A6 (decimal 166)
   defining Unicode char U+00A7 (decimal 167)
   defining Unicode char U+00A8 (decimal 168)
   defining Unicode char U+00A9 (decimal 169)
   defining Unicode char U+00AA (decimal 170)
   defining Unicode char U+00AC (decimal 172)
   defining Unicode char U+00AE (decimal 174)
   defining Unicode char U+00AF (decimal 175)
   defining Unicode char U+00B0 (decimal 176)
   defining Unicode char U+00B1 (decimal 177)
   defining Unicode char U+00B2 (decimal 178)
   defining Unicode char U+00B3 (decimal 179)
   defining Unicode char U+00B4 (decimal 180)
   defining Unicode char U+00B5 (decimal 181)
   defining Unicode char U+00B6 (decimal 182)
   defining Unicode char U+00B7 (decimal 183)
   defining Unicode char U+00B9 (decimal 185)
   defining Unicode char U+00BA (decimal 186)
   defining Unicode char U+00BC (decimal 188)
   defining Unicode char U+00BD (decimal 189)
   defining Unicode char U+00BE (decimal 190)
   defining Unicode char U+00D7 (decimal 215)
   defining Unicode char U+00F7 (decimal 247)
   defining Unicode char U+0192 (decimal 402)
   defining Unicode char U+02C7 (decimal 711)
   defining Unicode char U+02D8 (decimal 728)
   defining Unicode char U+02DD (decimal 733)
   defining Unicode char U+0E3F (decimal 3647)
   defining Unicode char U+2016 (decimal 8214)
   defining Unicode char U+2020 (decimal 8224)
   defining Unicode char U+2021 (decimal 8225)
   defining Unicode char U+2022 (decimal 8226)
   defining Unicode char U+2030 (decimal 8240)
   defining Unicode char U+2031 (decimal 8241)
   defining Unicode char U+203B (decimal 8251)
   defining Unicode char U+203D (decimal 8253)
   defining Unicode char U+2044 (decimal 8260)
   defining Unicode char U+204E (decimal 8270)
   defining Unicode char U+2052 (decimal 8274)
   defining Unicode char U+20A1 (decimal 8353)
   defining Unicode char U+20A4 (decimal 8356)
   defining Unicode char U+20A6 (decimal 8358)
   defining Unicode char U+20A9 (decimal 8361)
   defining Unicode char U+20AB (decimal 8363)
   defining Unicode char U+20AC (decimal 8364)
   defining Unicode char U+20B1 (decimal 8369)
   defining Unicode char U+2103 (decimal 8451)
   defining Unicode char U+2116 (decimal 8470)
   defining Unicode char U+2117 (decimal 8471)
   defining Unicode char U+211E (decimal 8478)
   defining Unicode char U+2120 (decimal 8480)
   defining Unicode char U+2122 (decimal 8482)
   defining Unicode char U+2126 (decimal 8486)
   defining Unicode char U+2127 (decimal 8487)
   defining Unicode char U+212E (decimal 8494)
   defining Unicode char U+2190 (decimal 8592)
   defining Unicode char U+2191 (decimal 8593)
   defining Unicode char U+2192 (decimal 8594)
   defining Unicode char U+2193 (decimal 8595)
   defining Unicode char U+2329 (decimal 9001)
   defining Unicode char U+232A (decimal 9002)
   defining Unicode char U+2422 (decimal 9250)
   defining Unicode char U+25E6 (decimal 9702)
   defining Unicode char U+25EF (decimal 9711)
   defining Unicode char U+266A (decimal 9834)
   defining Unicode char U+FEFF (decimal 65279)
))
LaTeX Info: Redefining \oldstylenums on input line 334.
Package textcomp Info: Setting cmr sub-encoding to TS1/0 on input line 349.
Package textcomp Info: Setting cmss sub-encoding to TS1/0 on input line 350.
Package textcomp Info: Setting cmtt sub-encoding to TS1/0 on input line 351.
Package textcomp Info: Setting cmvtt sub-encoding to TS1/0 on input line 352.
Package textcomp Info: Setting cmbr sub-encoding to TS1/0 on input line 353.
Package textcomp Info: Setting cmtl sub-encoding to TS1/0 on input line 354.
Package textcomp Info: Setting ccr sub-encoding to TS1/0 on input line 355.
Package textcomp Info: Setting ptm sub-encoding to TS1/4 on input line 356.
Package textcomp Info: Setting pcr sub-encoding to TS1/4 on input line 357.
Package textcomp Info: Setting phv sub-encoding to TS1/4 on input line 358.
Package textcomp Info: Setting ppl sub-encoding to TS1/3 on input line 359.
Package textcomp Info: Setting pag sub-encoding to TS1/4 on input line 360.
Package textcomp Info: Setting pbk sub-encoding to TS1/4 on input line 361.
Package textcomp Info: Setting pnc sub-encoding to TS1/4 on input line 362.
Package textcomp Info: Setting pzc sub-encoding to TS1/4 on input line 363.
Package textcomp Info: Setting bch sub-encoding to TS1/4 on input line 364.
Package textcomp Info: Setting put sub-encoding to TS1/5 on input line 365.
Package textcomp Info: Setting uag sub-encoding to TS1/5 on input line 366.
Package textcomp Info: Setting ugq sub-encoding to TS1/5 on input line 367.
Package textcomp Info: Setting ul8 sub-encoding to TS1/4 on input line 368.
Package textcomp Info: Setting ul9 sub-encoding to TS1/4 on input line 369.
Package textcomp Info: Setting augie sub-encoding to TS1/5 on input line 370.
Package textcomp Info: Setting dayrom sub-encoding to TS1/3 on input line 371.
Package textcomp Info: Setting dayroms sub-encoding to TS1/3 on input line 372.

Package textcomp Info: Setting pxr sub-encoding to TS1/0 on input line 373.
Package textcomp Info: Setting pxss sub-encoding to TS1/0 on input line 374.
Package textcomp Info: Setting pxtt sub-encoding to TS1/0 on input line 375.
Package textcomp Info: Setting txr sub-encoding to TS1/0 on input line 376.
Package textcomp Info: Setting txss sub-encoding to TS1/0 on input line 377.
Package textcomp Info: Setting txtt sub-encoding to TS1/0 on input line 378.
Package textcomp Info: Setting lmr sub-encoding to TS1/0 on input line 379.
Package textcomp Info: Setting lmdh sub-encoding to TS1/0 on input line 380.
Package textcomp Info: Setting lmss sub-encoding to TS1/0 on input line 381.
Package textcomp Info: Setting lmssq sub-encoding to TS1/0 on input line 382.
Package textcomp Info: Setting lmvtt sub-encoding to TS1/0 on input line 383.
Package textcomp Info: Setting lmtt sub-encoding to TS1/0 on input line 384.
Package textcomp Info: Setting qhv sub-encoding to TS1/0 on input line 385.
Package textcomp Info: Setting qag sub-encoding to TS1/0 on input line 386.
Package textcomp Info: Setting qbk sub-encoding to TS1/0 on input line 387.
Package textcomp Info: Setting qcr sub-encoding to TS1/0 on input line 388.
Package textcomp Info: Setting qcs sub-encoding to TS1/0 on input line 389.
Package textcomp Info: Setting qpl sub-encoding to TS1/0 on input line 390.
Package textcomp Info: Setting qtm sub-encoding to TS1/0 on input line 391.
Package textcomp Info: Setting qzc sub-encoding to TS1/0 on input line 392.
Package textcomp Info: Setting qhvc sub-encoding to TS1/0 on input line 393.
Package textcomp Info: Setting futs sub-encoding to TS1/4 on input line 394.
Package textcomp Info: Setting futx sub-encoding to TS1/4 on input line 395.
Package textcomp Info: Setting futj sub-encoding to TS1/4 on input line 396.
Package textcomp Info: Setting hlh sub-encoding to TS1/3 on input line 397.
Package textcomp Info: Setting hls sub-encoding to TS1/3 on input line 398.
Package textcomp Info: Setting hlst sub-encoding to TS1/3 on input line 399.
Package textcomp Info: Setting hlct sub-encoding to TS1/5 on input line 400.
Package textcomp Info: Setting hlx sub-encoding to TS1/5 on input line 401.
Package textcomp Info: Setting hlce sub-encoding to TS1/5 on input line 402.
Package textcomp Info: Setting hlcn sub-encoding to TS1/5 on input line 403.
Package textcomp Info: Setting hlcw sub-encoding to TS1/5 on input line 404.
Package textcomp Info: Setting hlcf sub-encoding to TS1/5 on input line 405.
Package textcomp Info: Setting pplx sub-encoding to TS1/3 on input line 406.
Package textcomp Info: Setting pplj sub-encoding to TS1/3 on input line 407.
Package textcomp Info: Setting ptmx sub-encoding to TS1/4 on input line 408.
Package textcomp Info: Setting ptmj sub-encoding to TS1/4 on input line 409.
)
("C:\Users\dgatl_000\AppData\Local\Programs\MiKTeX 2.9.6\tex\latex\paracol\para
col.sty"
Package: paracol 2018/12/31 v1.35 
\pcol@currcol=\count186
\pcol@nextcol=\count187
\pcol@ncol=